{"/Users/xo/cours/svelte/voteSvelte/src/routes/+error.svelte": {"path":"/Users/xo/cours/svelte/voteSvelte/src/routes/+error.svelte","statementMap":{"0":{"start":{"line":24,"column":27},"end":{"line":24,"column":34}},"1":{"start":{"line":27,"column":13},"end":{"line":27,"column":28}},"2":{"start":{"line":30,"column":1},"end":{"line":30,"column":1307}},"3":{"start":{"line":41,"column":16},"end":{"line":41,"column":62}},"4":{"start":{"line":45,"column":15},"end":{"line":90,"column":2}},"5":{"start":{"line":47,"column":3},"end":{"line":47,"column":32}},"6":{"start":{"line":48,"column":3},"end":{"line":48,"column":21}},"7":{"start":{"line":49,"column":3},"end":{"line":49,"column":33}},"8":{"start":{"line":50,"column":3},"end":{"line":50,"column":16}},"9":{"start":{"line":51,"column":3},"end":{"line":51,"column":21}},"10":{"start":{"line":52,"column":3},"end":{"line":52,"column":108}},"11":{"start":{"line":53,"column":3},"end":{"line":53,"column":16}},"12":{"start":{"line":54,"column":3},"end":{"line":54,"column":24}},"13":{"start":{"line":55,"column":3},"end":{"line":55,"column":21}},"14":{"start":{"line":56,"column":3},"end":{"line":56,"column":23}},"15":{"start":{"line":57,"column":3},"end":{"line":57,"column":21}},"16":{"start":{"line":58,"column":3},"end":{"line":58,"column":47}},"17":{"start":{"line":59,"column":3},"end":{"line":59,"column":36}},"18":{"start":{"line":60,"column":3},"end":{"line":60,"column":48}},"19":{"start":{"line":61,"column":3},"end":{"line":61,"column":37}},"20":{"start":{"line":62,"column":3},"end":{"line":62,"column":44}},"21":{"start":{"line":63,"column":3},"end":{"line":63,"column":38}},"22":{"start":{"line":64,"column":3},"end":{"line":64,"column":41}},"23":{"start":{"line":67,"column":3},"end":{"line":67,"column":116}},"24":{"start":{"line":70,"column":3},"end":{"line":70,"column":39}},"25":{"start":{"line":71,"column":3},"end":{"line":71,"column":27}},"26":{"start":{"line":72,"column":3},"end":{"line":72,"column":27}},"27":{"start":{"line":73,"column":3},"end":{"line":73,"column":27}},"28":{"start":{"line":74,"column":3},"end":{"line":74,"column":27}},"29":{"start":{"line":75,"column":3},"end":{"line":75,"column":28}},"30":{"start":{"line":76,"column":3},"end":{"line":76,"column":23}},"31":{"start":{"line":77,"column":3},"end":{"line":77,"column":23}},"32":{"start":{"line":78,"column":3},"end":{"line":78,"column":23}},"33":{"start":{"line":81,"column":3},"end":{"line":81,"column":131}},"34":{"start":{"line":81,"column":104},"end":{"line":81,"column":131}},"35":{"start":{"line":86,"column":3},"end":{"line":88,"column":4}},"36":{"start":{"line":87,"column":4},"end":{"line":87,"column":24}},"37":{"start":{"line":92,"column":1},"end":{"line":98,"column":4}},"38":{"start":{"line":100,"column":1},"end":{"line":100,"column":14}},"39":{"start":{"line":105,"column":1},"end":{"line":105,"column":30}},"40":{"start":{"line":106,"column":1},"end":{"line":106,"column":80}},"41":{"start":{"line":106,"column":46},"end":{"line":106,"column":78}},"42":{"start":{"line":107,"column":40},"end":{"line":107,"column":47}},"43":{"start":{"line":108,"column":1},"end":{"line":108,"column":36}},"44":{"start":{"line":109,"column":24},"end":{"line":109,"column":26}},"45":{"start":{"line":111,"column":1},"end":{"line":113,"column":4}},"46":{"start":{"line":112,"column":2},"end":{"line":112,"column":146}},"47":{"start":{"line":112,"column":83},"end":{"line":112,"column":146}},"48":{"start":{"line":115,"column":1},"end":{"line":115,"column":49}},"49":{"start":{"line":115,"column":32},"end":{"line":115,"column":47}},"50":{"start":{"line":116,"column":1},"end":{"line":116,"column":16}},"51":{"start":{"line":121,"column":2},"end":{"line":121,"column":17}},"52":{"start":{"line":122,"column":2},"end":{"line":122,"column":78}},"53":{"start":{"line":124,"column":2},"end":{"line":129,"column":5}}},"fnMap":{"0":{"name":"add_css","decl":{"start":{"line":29,"column":9},"end":{"line":29,"column":16}},"loc":{"start":{"line":29,"column":25},"end":{"line":31,"column":1}},"line":29},"1":{"name":"create_fragment","decl":{"start":{"line":33,"column":9},"end":{"line":33,"column":24}},"loc":{"start":{"line":33,"column":30},"end":{"line":101,"column":1}},"line":33},"2":{"name":"create","decl":{"start":{"line":46,"column":14},"end":{"line":46,"column":20}},"loc":{"start":{"line":46,"column":23},"end":{"line":65,"column":3}},"line":46},"3":{"name":"claim","decl":{"start":{"line":66,"column":14},"end":{"line":66,"column":19}},"loc":{"start":{"line":66,"column":27},"end":{"line":68,"column":3}},"line":66},"4":{"name":"mount","decl":{"start":{"line":69,"column":14},"end":{"line":69,"column":19}},"loc":{"start":{"line":69,"column":36},"end":{"line":79,"column":3}},"line":69},"5":{"name":"update","decl":{"start":{"line":80,"column":14},"end":{"line":80,"column":20}},"loc":{"start":{"line":80,"column":35},"end":{"line":82,"column":3}},"line":80},"6":{"name":"destroy","decl":{"start":{"line":85,"column":14},"end":{"line":85,"column":21}},"loc":{"start":{"line":85,"column":33},"end":{"line":89,"column":3}},"line":85},"7":{"name":"instance","decl":{"start":{"line":103,"column":9},"end":{"line":103,"column":17}},"loc":{"start":{"line":103,"column":49},"end":{"line":117,"column":1}},"line":103},"8":{"name":"(anonymous_8)","decl":{"start":{"line":106,"column":35},"end":{"line":106,"column":36}},"loc":{"start":{"line":106,"column":46},"end":{"line":106,"column":78}},"line":106},"9":{"name":"(anonymous_9)","decl":{"start":{"line":111,"column":30},"end":{"line":111,"column":31}},"loc":{"start":{"line":111,"column":37},"end":{"line":113,"column":2}},"line":111},"10":{"name":"(anonymous_10)","decl":{"start":{"line":115,"column":25},"end":{"line":115,"column":26}},"loc":{"start":{"line":115,"column":32},"end":{"line":115,"column":47}},"line":115},"11":{"name":"(anonymous_11)","decl":{"start":{"line":120,"column":1},"end":{"line":120,"column":2}},"loc":{"start":{"line":120,"column":22},"end":{"line":130,"column":2}},"line":120}},"branchMap":{"0":{"loc":{"start":{"line":81,"column":3},"end":{"line":81,"column":131}},"type":"if","locations":[{"start":{"line":81,"column":3},"end":{"line":81,"column":131}},{"start":{},"end":{}}],"line":81},"1":{"loc":{"start":{"line":81,"column":7},"end":{"line":81,"column":102}},"type":"binary-expr","locations":[{"start":{"line":81,"column":7},"end":{"line":81,"column":26}},{"start":{"line":81,"column":30},"end":{"line":81,"column":102}}],"line":81},"2":{"loc":{"start":{"line":86,"column":3},"end":{"line":88,"column":4}},"type":"if","locations":[{"start":{"line":86,"column":3},"end":{"line":88,"column":4}},{"start":{},"end":{}}],"line":86},"3":{"loc":{"start":{"line":107,"column":16},"end":{"line":107,"column":26}},"type":"default-arg","locations":[{"start":{"line":107,"column":24},"end":{"line":107,"column":26}}],"line":107},"4":{"loc":{"start":{"line":112,"column":2},"end":{"line":112,"column":146}},"type":"if","locations":[{"start":{"line":112,"column":2},"end":{"line":112,"column":146}},{"start":{},"end":{}}],"line":112},"5":{"loc":{"start":{"line":112,"column":6},"end":{"line":112,"column":81}},"type":"binary-expr","locations":[{"start":{"line":112,"column":6},"end":{"line":112,"column":35}},{"start":{"line":112,"column":39},"end":{"line":112,"column":63}},{"start":{"line":112,"column":67},"end":{"line":112,"column":81}}],"line":112}},"s":{"0":0,"1":0,"2":0,"3":0,"4":0,"5":0,"6":0,"7":0,"8":0,"9":0,"10":0,"11":0,"12":0,"13":0,"14":0,"15":0,"16":0,"17":0,"18":0,"19":0,"20":0,"21":0,"22":0,"23":0,"24":0,"25":0,"26":0,"27":0,"28":0,"29":0,"30":0,"31":0,"32":0,"33":0,"34":0,"35":0,"36":0,"37":0,"38":0,"39":0,"40":0,"41":0,"42":0,"43":0,"44":0,"45":0,"46":0,"47":0,"48":0,"49":0,"50":0,"51":0,"52":0,"53":0},"f":{"0":0,"1":0,"2":0,"3":0,"4":0,"5":0,"6":0,"7":0,"8":0,"9":0,"10":0,"11":0},"b":{"0":[0,0],"1":[0,0],"2":[0,0],"3":[0],"4":[0,0],"5":[0,0,0]},"inputSourceMap":{"0":"{","1":"\"","2":"v","3":"e","4":"r","5":"s","6":"i","7":"o","8":"n","9":"\"","10":":","11":"3","12":",","13":"\"","14":"n","15":"a","16":"m","17":"e","18":"s","19":"\"","20":":","21":"[","22":"]","23":",","24":"\"","25":"s","26":"o","27":"u","28":"r","29":"c","30":"e","31":"s","32":"\"","33":":","34":"[","35":"\"","36":"+","37":"e","38":"r","39":"r","40":"o","41":"r","42":".","43":"s","44":"v","45":"e","46":"l","47":"t","48":"e","49":"\"","50":"]","51":",","52":"\"","53":"s","54":"o","55":"u","56":"r","57":"c","58":"e","59":"s","60":"C","61":"o","62":"n","63":"t","64":"e","65":"n","66":"t","67":"\"","68":":","69":"[","70":"\"","71":"<","72":"s","73":"c","74":"r","75":"i","76":"p","77":"t","78":">","79":"\\","80":"n","81":" ","82":" ","83":" ","84":"i","85":"m","86":"p","87":"o","88":"r","89":"t","90":" ","91":"{","92":" ","93":"p","94":"a","95":"g","96":"e","97":" ","98":"}","99":" ","100":"f","101":"r","102":"o","103":"m","104":" ","105":"\\","106":"\"","107":"$","108":"a","109":"p","110":"p","111":"/","112":"s","113":"t","114":"o","115":"r","116":"e","117":"s","118":"\\","119":"\"","120":";","121":"\\","122":"n","123":"<","124":"/","125":"s","126":"c","127":"r","128":"i","129":"p","130":"t","131":">","132":"\\","133":"n","134":"\\","135":"n","136":"<","137":"s","138":"e","139":"c","140":"t","141":"i","142":"o","143":"n","144":">","145":"\\","146":"n","147":" ","148":" ","149":"<","150":"p","151":" ","152":"c","153":"l","154":"a","155":"s","156":"s","157":"=","158":"\\","159":"\"","160":"t","161":"e","162":"x","163":"t","164":"-","165":"5","166":"x","167":"l","168":" ","169":"f","170":"o","171":"n","172":"t","173":"-","174":"b","175":"o","176":"l","177":"d","178":"\\","179":"\"","180":">","181":"Y","182":"I","183":"K","184":"E","185":"S","186":"!","187":"!","188":" ","189":"\ud83e","190":"\udde8","191":"<","192":"/","193":"p","194":">","195":"\\","196":"n","197":" ","198":" ","199":"<","200":"p","201":" ","202":"c","203":"l","204":"a","205":"s","206":"s","207":"=","208":"\\","209":"\"","210":"t","211":"e","212":"x","213":"t","214":"\\","215":"\"","216":">","217":"S","218":"o","219":"m","220":"e","221":"t","222":"h","223":"i","224":"n","225":"g","226":" ","227":"w","228":"e","229":"n","230":"t","231":" ","232":"h","233":"o","234":"r","235":"r","236":"i","237":"b","238":"l","239":"y","240":" ","241":"w","242":"r","243":"o","244":"n","245":"g","246":" ","247":"b","248":"u","249":"t","250":" ","251":"t","252":"h","253":"e","254":" ","255":"b","256":"l","257":"u","258":"s","259":"t","260":" ","261":"r","262":"a","263":"d","264":"i","265":"u","266":"s","267":" ","268":"h","269":"a","270":"s","271":" ","272":"b","273":"e","274":"e","275":"n","276":" ","277":"c","278":"o","279":"n","280":"t","281":"a","282":"i","283":"n","284":"e","285":"d","286":" ","287":"i","288":"n","289":" ","290":"t","291":"h","292":"i","293":"s","294":" ","295":"r","296":"o","297":"u","298":"t","299":"e","300":"r","301":".","302":"<","303":"/","304":"p","305":">","306":"\\","307":"n","308":" ","309":" ","310":"<","311":"p","312":"r","313":"e","314":">","315":"\\","316":"n","317":" ","318":" ","319":" ","320":" ","321":"{","322":"J","323":"S","324":"O","325":"N","326":".","327":"s","328":"t","329":"r","330":"i","331":"n","332":"g","333":"i","334":"f","335":"y","336":"(","337":"$","338":"p","339":"a","340":"g","341":"e","342":",","343":" ","344":"n","345":"u","346":"l","347":"l","348":",","349":" ","350":"2","351":")","352":"}","353":"\\","354":"n","355":" ","356":" ","357":"<","358":"/","359":"p","360":"r","361":"e","362":">","363":"\\","364":"n","365":"<","366":"/","367":"s","368":"e","369":"c","370":"t","371":"i","372":"o","373":"n","374":">","375":"\\","376":"n","377":"\\","378":"n","379":"<","380":"s","381":"t","382":"y","383":"l","384":"e","385":">","386":"\\","387":"n","388":" ","389":" ","390":".","391":"t","392":"e","393":"x","394":"t","395":" ","396":"{","397":"\\","398":"n","399":" ","400":" ","401":" ","402":" ","403":"p","404":"a","405":"d","406":"d","407":"i","408":"n","409":"g","410":"-","411":"l","412":"e","413":"f","414":"t","415":":","416":" ","417":"3","418":"r","419":"e","420":"m","421":";","422":"\\","423":"n","424":" ","425":" ","426":" ","427":" ","428":"f","429":"o","430":"n","431":"t","432":"-","433":"s","434":"i","435":"z","436":"e","437":":","438":" ","439":"1","440":".","441":"5","442":"r","443":"e","444":"m","445":";","446":"\\","447":"n","448":" ","449":" ","450":" ","451":" ","452":"w","453":"i","454":"d","455":"t","456":"h","457":":","458":" ","459":"7","460":"0","461":"%","462":";","463":"\\","464":"n","465":" ","466":" ","467":" ","468":" ","469":"m","470":"a","471":"r","472":"g","473":"i","474":"n","475":":","476":" ","477":"1","478":"r","479":"e","480":"m","481":";","482":"\\","483":"n","484":" ","485":" ","486":"}","487":"\\","488":"n","489":"\\","490":"n","491":" ","492":" ","493":"p","494":"r","495":"e","496":" ","497":"{","498":"\\","499":"n","500":" ","501":" ","502":" ","503":" ","504":"b","505":"a","506":"c","507":"k","508":"g","509":"r","510":"o","511":"u","512":"n","513":"d","514":"-","515":"c","516":"o","517":"l","518":"o","519":"r","520":":","521":" ","522":"r","523":"g","524":"b","525":"a","526":"(","527":"1","528":"1","529":"9","530":",","531":" ","532":"1","533":"3","534":"6","535":",","536":" ","537":"1","538":"5","539":"3","540":",","541":" ","542":"0","543":".","544":"3","545":"7","546":"7","547":")","548":";","549":"\\","550":"n","551":" ","552":" ","553":"}","554":"\\","555":"n","556":"<","557":"/","558":"s","559":"t","560":"y","561":"l","562":"e","563":">","564":"\\","565":"n","566":"\"","567":"]","568":",","569":"\"","570":"m","571":"a","572":"p","573":"p","574":"i","575":"n","576":"g","577":"s","578":"\"","579":":","580":"\"","581":";","582":";","583":";","584":";","585":";","586":";","587":";","588":";","589":";","590":";","591":";","592":";","593":";","594":";","595":";","596":";","597":";","598":";","599":";","600":";","601":";","602":";","603":";","604":";","605":";","606":"S","607":"A","608":"C","609":"Y","610":",","611":"I","612":"A","613":"A","614":"I","615":",","616":"Q","617":"A","618":"A","619":"Q","620":",","621":"a","622":"A","623":"A","624":"a","625":";","626":";","627":";","628":";","629":";","630":";","631":";","632":";","633":";","634":";","635":";","636":";","637":";","638":";","639":";","640":"g","641":"B","642":"A","643":"O","644":"h","645":"C","646":",","647":"I","648":"A","649":"A","650":"I","651":",","652":"C","653":"A","654":"A","655":"C","656":",","657":"S","658":"A","659":"A","660":"S","661":",","662":"W","663":"A","664":"A","665":"C","666":",","667":"G","668":"A","669":"A","670":"K","671":",","672":"K","673":"A","674":"A","675":"E","676":",","677":"I","678":"A","679":"A","680":"I","681":",","682":"E","683":"A","684":"A","685":"E","686":",","687":"C","688":"A","689":"A","690":"C","691":";","692":";","693":";","694":";","695":";","696":";","697":";","698":";","699":";","700":";","701":";","702":";","703":";","704":";","705":"a","706":"A","707":"D","708":"3","709":"B","710":",","711":"M","712":"A","713":"C","714":"H","715":";","716":";","717":"a","718":"A","719":"A","720":"g","721":"C","722":",","723":"M","724":"A","725":"C","726":"l","727":"C","728":";","729":";","730":";","731":";","732":";","733":";","734":";","735":";","736":";","737":";","738":";","739":";","740":";","741":"G","742":"A","743":"L","744":"F","745":",","746":"U","747":"A","748":"M","749":"U","750":";","751":"G","752":"A","753":"L","754":"R","755":",","756":"U","757":"A","758":"A","759":"4","760":"C","761":";","762":";","763":"G","764":"A","765":"C","766":"5","767":"C","768":",","769":"U","770":"A","771":"A","772":"y","773":"G","774":";","775":";","776":"G","777":"A","778":"C","779":"z","780":"G","781":",","782":"U","783":"A","784":"E","785":"M","786":";","787":";","788":";","789":";","790":";","791":";","792":"u","793":"D","794":"A","795":"D","796":"H","797":",","798":"I","799":"A","800":"A","801":"I","802":",","803":"C","804":"A","805":"A","806":"C","807":",","808":"S","809":"A","810":"A","811":"S","812":",","813":"W","814":"A","815":"A","816":"C","817":",","818":"G","819":"A","820":"A","821":"K","822":",","823":"K","824":"A","825":"A","826":"E","827":",","828":"I","829":"A","830":"A","831":"I","832":",","833":"E","834":"A","835":"A","836":"E","837":",","838":"C","839":"A","840":"A","841":"C","842":";","843":";","844":";","845":";","846":";","847":";","848":";","849":";","850":";","851":";","852":";","853":";","854":";","855":";","856":";","857":";","858":";","859":";","860":";","861":";","862":";","863":";","864":";","865":";","866":";","867":";","868":";","869":";","870":";","871":";","872":";","873":";","874":";","875":";","876":";","877":";","878":";","879":";","880":";","881":";","882":";","883":";","884":";","885":";","886":";","887":";","888":";","889":";","890":";","891":";","892":";","893":";","894":"\"","895":"}"}}
,"/Users/xo/cours/svelte/voteSvelte/src/routes/+layout.svelte": {"path":"/Users/xo/cours/svelte/voteSvelte/src/routes/+layout.svelte","statementMap":{"0":{"start":{"line":37,"column":13},"end":{"line":37,"column":29}},"1":{"start":{"line":40,"column":1},"end":{"line":40,"column":1473}},"2":{"start":{"line":55,"column":1},"end":{"line":55,"column":41}},"3":{"start":{"line":56,"column":42},"end":{"line":56,"column":56}},"4":{"start":{"line":57,"column":22},"end":{"line":57,"column":87}},"5":{"start":{"line":59,"column":15},"end":{"line":140,"column":2}},"6":{"start":{"line":61,"column":3},"end":{"line":61,"column":25}},"7":{"start":{"line":62,"column":3},"end":{"line":62,"column":25}},"8":{"start":{"line":63,"column":3},"end":{"line":63,"column":40}},"9":{"start":{"line":64,"column":3},"end":{"line":64,"column":16}},"10":{"start":{"line":65,"column":3},"end":{"line":65,"column":26}},"11":{"start":{"line":66,"column":3},"end":{"line":66,"column":38}},"12":{"start":{"line":66,"column":21},"end":{"line":66,"column":38}},"13":{"start":{"line":67,"column":3},"end":{"line":67,"column":16}},"14":{"start":{"line":68,"column":3},"end":{"line":68,"column":30}},"15":{"start":{"line":69,"column":3},"end":{"line":69,"column":20}},"16":{"start":{"line":70,"column":3},"end":{"line":70,"column":32}},"17":{"start":{"line":71,"column":3},"end":{"line":71,"column":33}},"18":{"start":{"line":72,"column":3},"end":{"line":72,"column":99}},"19":{"start":{"line":73,"column":3},"end":{"line":73,"column":40}},"20":{"start":{"line":74,"column":3},"end":{"line":74,"column":40}},"21":{"start":{"line":75,"column":3},"end":{"line":75,"column":37}},"22":{"start":{"line":76,"column":3},"end":{"line":76,"column":37}},"23":{"start":{"line":77,"column":3},"end":{"line":77,"column":144}},"24":{"start":{"line":78,"column":3},"end":{"line":78,"column":42}},"25":{"start":{"line":79,"column":3},"end":{"line":79,"column":84}},"26":{"start":{"line":80,"column":3},"end":{"line":80,"column":39}},"27":{"start":{"line":83,"column":3},"end":{"line":83,"column":114}},"28":{"start":{"line":86,"column":3},"end":{"line":86,"column":36}},"29":{"start":{"line":87,"column":3},"end":{"line":87,"column":26}},"30":{"start":{"line":88,"column":3},"end":{"line":88,"column":39}},"31":{"start":{"line":89,"column":3},"end":{"line":89,"column":24}},"32":{"start":{"line":90,"column":3},"end":{"line":90,"column":26}},"33":{"start":{"line":92,"column":3},"end":{"line":94,"column":4}},"34":{"start":{"line":93,"column":4},"end":{"line":93,"column":31}},"35":{"start":{"line":96,"column":3},"end":{"line":96,"column":24}},"36":{"start":{"line":97,"column":3},"end":{"line":97,"column":28}},"37":{"start":{"line":98,"column":3},"end":{"line":98,"column":25}},"38":{"start":{"line":99,"column":3},"end":{"line":99,"column":21}},"39":{"start":{"line":100,"column":3},"end":{"line":100,"column":21}},"40":{"start":{"line":101,"column":3},"end":{"line":101,"column":18}},"41":{"start":{"line":104,"column":3},"end":{"line":117,"column":4}},"42":{"start":{"line":105,"column":4},"end":{"line":116,"column":5}},"43":{"start":{"line":106,"column":5},"end":{"line":115,"column":7}},"44":{"start":{"line":119,"column":3},"end":{"line":119,"column":79}},"45":{"start":{"line":119,"column":42},"end":{"line":119,"column":79}},"46":{"start":{"line":122,"column":3},"end":{"line":122,"column":23}},"47":{"start":{"line":122,"column":16},"end":{"line":122,"column":23}},"48":{"start":{"line":123,"column":3},"end":{"line":123,"column":44}},"49":{"start":{"line":124,"column":3},"end":{"line":124,"column":38}},"50":{"start":{"line":125,"column":3},"end":{"line":125,"column":18}},"51":{"start":{"line":128,"column":3},"end":{"line":128,"column":45}},"52":{"start":{"line":129,"column":3},"end":{"line":129,"column":39}},"53":{"start":{"line":130,"column":3},"end":{"line":130,"column":19}},"54":{"start":{"line":133,"column":3},"end":{"line":135,"column":4}},"55":{"start":{"line":134,"column":4},"end":{"line":134,"column":21}},"56":{"start":{"line":137,"column":3},"end":{"line":137,"column":29}},"57":{"start":{"line":138,"column":3},"end":{"line":138,"column":47}},"58":{"start":{"line":138,"column":21},"end":{"line":138,"column":47}},"59":{"start":{"line":142,"column":1},"end":{"line":148,"column":4}},"60":{"start":{"line":150,"column":1},"end":{"line":150,"column":14}},"61":{"start":{"line":154,"column":40},"end":{"line":154,"column":47}},"62":{"start":{"line":155,"column":1},"end":{"line":155,"column":46}},"63":{"start":{"line":156,"column":24},"end":{"line":156,"column":31}},"64":{"start":{"line":157,"column":24},"end":{"line":157,"column":35}},"65":{"start":{"line":159,"column":1},"end":{"line":161,"column":4}},"66":{"start":{"line":160,"column":2},"end":{"line":160,"column":147}},"67":{"start":{"line":160,"column":83},"end":{"line":160,"column":147}},"68":{"start":{"line":163,"column":1},"end":{"line":166,"column":3}},"69":{"start":{"line":164,"column":2},"end":{"line":164,"column":71}},"70":{"start":{"line":164,"column":28},"end":{"line":164,"column":71}},"71":{"start":{"line":165,"column":2},"end":{"line":165,"column":71}},"72":{"start":{"line":165,"column":28},"end":{"line":165,"column":71}},"73":{"start":{"line":168,"column":1},"end":{"line":168,"column":53}},"74":{"start":{"line":168,"column":32},"end":{"line":168,"column":51}},"75":{"start":{"line":170,"column":1},"end":{"line":172,"column":3}},"76":{"start":{"line":171,"column":2},"end":{"line":171,"column":71}},"77":{"start":{"line":171,"column":28},"end":{"line":171,"column":71}},"78":{"start":{"line":174,"column":1},"end":{"line":176,"column":2}},"79":{"start":{"line":175,"column":2},"end":{"line":175,"column":41}},"80":{"start":{"line":178,"column":1},"end":{"line":178,"column":34}},"81":{"start":{"line":183,"column":2},"end":{"line":183,"column":17}},"82":{"start":{"line":184,"column":2},"end":{"line":184,"column":90}},"83":{"start":{"line":186,"column":2},"end":{"line":191,"column":5}},"84":{"start":{"line":195,"column":2},"end":{"line":195,"column":24}},"85":{"start":{"line":199,"column":2},"end":{"line":199,"column":26}},"86":{"start":{"line":200,"column":2},"end":{"line":200,"column":10}}},"fnMap":{"0":{"name":"add_css","decl":{"start":{"line":39,"column":9},"end":{"line":39,"column":16}},"loc":{"start":{"line":39,"column":25},"end":{"line":41,"column":1}},"line":39},"1":{"name":"create_fragment","decl":{"start":{"line":43,"column":9},"end":{"line":43,"column":24}},"loc":{"start":{"line":43,"column":30},"end":{"line":151,"column":1}},"line":43},"2":{"name":"create","decl":{"start":{"line":60,"column":14},"end":{"line":60,"column":20}},"loc":{"start":{"line":60,"column":23},"end":{"line":81,"column":3}},"line":60},"3":{"name":"claim","decl":{"start":{"line":82,"column":14},"end":{"line":82,"column":19}},"loc":{"start":{"line":82,"column":27},"end":{"line":84,"column":3}},"line":82},"4":{"name":"mount","decl":{"start":{"line":85,"column":14},"end":{"line":85,"column":19}},"loc":{"start":{"line":85,"column":36},"end":{"line":102,"column":3}},"line":85},"5":{"name":"update","decl":{"start":{"line":103,"column":14},"end":{"line":103,"column":20}},"loc":{"start":{"line":103,"column":35},"end":{"line":120,"column":3}},"line":103},"6":{"name":"intro","decl":{"start":{"line":121,"column":14},"end":{"line":121,"column":19}},"loc":{"start":{"line":121,"column":27},"end":{"line":126,"column":3}},"line":121},"7":{"name":"outro","decl":{"start":{"line":127,"column":14},"end":{"line":127,"column":19}},"loc":{"start":{"line":127,"column":27},"end":{"line":131,"column":3}},"line":127},"8":{"name":"destroy","decl":{"start":{"line":132,"column":14},"end":{"line":132,"column":21}},"loc":{"start":{"line":132,"column":33},"end":{"line":139,"column":3}},"line":132},"9":{"name":"instance","decl":{"start":{"line":153,"column":9},"end":{"line":153,"column":17}},"loc":{"start":{"line":153,"column":49},"end":{"line":179,"column":1}},"line":153},"10":{"name":"(anonymous_10)","decl":{"start":{"line":159,"column":30},"end":{"line":159,"column":31}},"loc":{"start":{"line":159,"column":37},"end":{"line":161,"column":2}},"line":159},"11":{"name":"(anonymous_11)","decl":{"start":{"line":163,"column":16},"end":{"line":163,"column":17}},"loc":{"start":{"line":163,"column":27},"end":{"line":166,"column":2}},"line":163},"12":{"name":"(anonymous_12)","decl":{"start":{"line":168,"column":25},"end":{"line":168,"column":26}},"loc":{"start":{"line":168,"column":32},"end":{"line":168,"column":51}},"line":168},"13":{"name":"(anonymous_13)","decl":{"start":{"line":170,"column":24},"end":{"line":170,"column":25}},"loc":{"start":{"line":170,"column":35},"end":{"line":172,"column":2}},"line":170},"14":{"name":"(anonymous_14)","decl":{"start":{"line":182,"column":1},"end":{"line":182,"column":2}},"loc":{"start":{"line":182,"column":22},"end":{"line":192,"column":2}},"line":182},"15":{"name":"(anonymous_15)","decl":{"start":{"line":194,"column":1},"end":{"line":194,"column":2}},"loc":{"start":{"line":194,"column":15},"end":{"line":196,"column":2}},"line":194},"16":{"name":"(anonymous_16)","decl":{"start":{"line":198,"column":1},"end":{"line":198,"column":2}},"loc":{"start":{"line":198,"column":22},"end":{"line":201,"column":2}},"line":198}},"branchMap":{"0":{"loc":{"start":{"line":66,"column":3},"end":{"line":66,"column":38}},"type":"if","locations":[{"start":{"line":66,"column":3},"end":{"line":66,"column":38}},{"start":{},"end":{}}],"line":66},"1":{"loc":{"start":{"line":92,"column":3},"end":{"line":94,"column":4}},"type":"if","locations":[{"start":{"line":92,"column":3},"end":{"line":94,"column":4}},{"start":{},"end":{}}],"line":92},"2":{"loc":{"start":{"line":104,"column":3},"end":{"line":117,"column":4}},"type":"if","locations":[{"start":{"line":104,"column":3},"end":{"line":117,"column":4}},{"start":{},"end":{}}],"line":104},"3":{"loc":{"start":{"line":105,"column":4},"end":{"line":116,"column":5}},"type":"if","locations":[{"start":{"line":105,"column":4},"end":{"line":116,"column":5}},{"start":{},"end":{}}],"line":105},"4":{"loc":{"start":{"line":105,"column":8},"end":{"line":105,"column":61}},"type":"binary-expr","locations":[{"start":{"line":105,"column":8},"end":{"line":105,"column":22}},{"start":{"line":105,"column":27},"end":{"line":105,"column":35}},{"start":{"line":105,"column":39},"end":{"line":105,"column":60}}],"line":105},"5":{"loc":{"start":{"line":111,"column":6},"end":{"line":113,"column":80}},"type":"cond-expr","locations":[{"start":{"line":112,"column":8},"end":{"line":112,"column":52}},{"start":{"line":113,"column":8},"end":{"line":113,"column":80}}],"line":111},"6":{"loc":{"start":{"line":119,"column":3},"end":{"line":119,"column":79}},"type":"if","locations":[{"start":{"line":119,"column":3},"end":{"line":119,"column":79}},{"start":{},"end":{}}],"line":119},"7":{"loc":{"start":{"line":119,"column":7},"end":{"line":119,"column":40}},"type":"binary-expr","locations":[{"start":{"line":119,"column":7},"end":{"line":119,"column":15}},{"start":{"line":119,"column":19},"end":{"line":119,"column":40}}],"line":119},"8":{"loc":{"start":{"line":122,"column":3},"end":{"line":122,"column":23}},"type":"if","locations":[{"start":{"line":122,"column":3},"end":{"line":122,"column":23}},{"start":{},"end":{}}],"line":122},"9":{"loc":{"start":{"line":133,"column":3},"end":{"line":135,"column":4}},"type":"if","locations":[{"start":{"line":133,"column":3},"end":{"line":135,"column":4}},{"start":{},"end":{}}],"line":133},"10":{"loc":{"start":{"line":138,"column":3},"end":{"line":138,"column":47}},"type":"if","locations":[{"start":{"line":138,"column":3},"end":{"line":138,"column":47}},{"start":{},"end":{}}],"line":138},"11":{"loc":{"start":{"line":154,"column":16},"end":{"line":154,"column":26}},"type":"default-arg","locations":[{"start":{"line":154,"column":24},"end":{"line":154,"column":26}}],"line":154},"12":{"loc":{"start":{"line":156,"column":7},"end":{"line":156,"column":19}},"type":"default-arg","locations":[{"start":{"line":156,"column":17},"end":{"line":156,"column":19}}],"line":156},"13":{"loc":{"start":{"line":160,"column":2},"end":{"line":160,"column":147}},"type":"if","locations":[{"start":{"line":160,"column":2},"end":{"line":160,"column":147}},{"start":{},"end":{}}],"line":160},"14":{"loc":{"start":{"line":160,"column":6},"end":{"line":160,"column":81}},"type":"binary-expr","locations":[{"start":{"line":160,"column":6},"end":{"line":160,"column":35}},{"start":{"line":160,"column":39},"end":{"line":160,"column":63}},{"start":{"line":160,"column":67},"end":{"line":160,"column":81}}],"line":160},"15":{"loc":{"start":{"line":164,"column":2},"end":{"line":164,"column":71}},"type":"if","locations":[{"start":{"line":164,"column":2},"end":{"line":164,"column":71}},{"start":{},"end":{}}],"line":164},"16":{"loc":{"start":{"line":165,"column":2},"end":{"line":165,"column":71}},"type":"if","locations":[{"start":{"line":165,"column":2},"end":{"line":165,"column":71}},{"start":{},"end":{}}],"line":165},"17":{"loc":{"start":{"line":171,"column":2},"end":{"line":171,"column":71}},"type":"if","locations":[{"start":{"line":171,"column":2},"end":{"line":171,"column":71}},{"start":{},"end":{}}],"line":171},"18":{"loc":{"start":{"line":174,"column":1},"end":{"line":176,"column":2}},"type":"if","locations":[{"start":{"line":174,"column":1},"end":{"line":176,"column":2}},{"start":{},"end":{}}],"line":174},"19":{"loc":{"start":{"line":174,"column":5},"end":{"line":174,"column":37}},"type":"binary-expr","locations":[{"start":{"line":174,"column":5},"end":{"line":174,"column":12}},{"start":{"line":174,"column":16},"end":{"line":174,"column":37}}],"line":174}},"s":{"0":0,"1":0,"2":0,"3":0,"4":0,"5":0,"6":0,"7":0,"8":0,"9":0,"10":0,"11":0,"12":0,"13":0,"14":0,"15":0,"16":0,"17":0,"18":0,"19":0,"20":0,"21":0,"22":0,"23":0,"24":0,"25":0,"26":0,"27":0,"28":0,"29":0,"30":0,"31":0,"32":0,"33":0,"34":0,"35":0,"36":0,"37":0,"38":0,"39":0,"40":0,"41":0,"42":0,"43":0,"44":0,"45":0,"46":0,"47":0,"48":0,"49":0,"50":0,"51":0,"52":0,"53":0,"54":0,"55":0,"56":0,"57":0,"58":0,"59":0,"60":0,"61":0,"62":0,"63":0,"64":0,"65":0,"66":0,"67":0,"68":0,"69":0,"70":0,"71":0,"72":0,"73":0,"74":0,"75":0,"76":0,"77":0,"78":0,"79":0,"80":0,"81":0,"82":0,"83":0,"84":0,"85":0,"86":0},"f":{"0":0,"1":0,"2":0,"3":0,"4":0,"5":0,"6":0,"7":0,"8":0,"9":0,"10":0,"11":0,"12":0,"13":0,"14":0,"15":0,"16":0},"b":{"0":[0,0],"1":[0,0],"2":[0,0],"3":[0,0],"4":[0,0,0],"5":[0,0],"6":[0,0],"7":[0,0],"8":[0,0],"9":[0,0],"10":[0,0],"11":[0],"12":[0],"13":[0,0],"14":[0,0,0],"15":[0,0],"16":[0,0],"17":[0,0],"18":[0,0],"19":[0,0]},"inputSourceMap":{"0":"{","1":"\"","2":"v","3":"e","4":"r","5":"s","6":"i","7":"o","8":"n","9":"\"","10":":","11":"3","12":",","13":"\"","14":"n","15":"a","16":"m","17":"e","18":"s","19":"\"","20":":","21":"[","22":"]","23":",","24":"\"","25":"s","26":"o","27":"u","28":"r","29":"c","30":"e","31":"s","32":"\"","33":":","34":"[","35":"\"","36":"+","37":"l","38":"a","39":"y","40":"o","41":"u","42":"t","43":".","44":"s","45":"v","46":"e","47":"l","48":"t","49":"e","50":"\"","51":"]","52":",","53":"\"","54":"s","55":"o","56":"u","57":"r","58":"c","59":"e","60":"s","61":"C","62":"o","63":"n","64":"t","65":"e","66":"n","67":"t","68":"\"","69":":","70":"[","71":"\"","72":"<","73":"s","74":"c","75":"r","76":"i","77":"p","78":"t","79":">","80":"\\","81":"n","82":" ","83":" ","84":"i","85":"m","86":"p","87":"o","88":"r","89":"t","90":" ","91":"H","92":"e","93":"a","94":"d","95":"e","96":"r","97":" ","98":"f","99":"r","100":"o","101":"m","102":" ","103":"\\","104":"\"","105":".","106":"/","107":"H","108":"e","109":"a","110":"d","111":"e","112":"r","113":".","114":"s","115":"v","116":"e","117":"l","118":"t","119":"e","120":"\\","121":"\"","122":";","123":"\\","124":"n","125":" ","126":" ","127":"e","128":"x","129":"p","130":"o","131":"r","132":"t","133":" ","134":"l","135":"e","136":"t","137":" ","138":"m","139":"e","140":"s","141":"s","142":"a","143":"g","144":"e","145":" ","146":"=","147":" ","148":"'","149":"'","150":";","151":"\\","152":"n","153":" ","154":" ","155":"/","156":"/","157":" ","158":"i","159":"m","160":"p","161":"o","162":"r","163":"t","164":" ","165":"{","166":" ","167":"g","168":"e","169":"t","170":"C","171":"o","172":"n","173":"t","174":"e","175":"x","176":"t","177":" ","178":"}","179":" ","180":"f","181":"r","182":"o","183":"m","184":" ","185":"\\","186":"\"","187":"s","188":"v","189":"e","190":"l","191":"t","192":"e","193":"\\","194":"\"","195":";","196":"\\","197":"n","198":" ","199":" ","200":"i","201":"m","202":"p","203":"o","204":"r","205":"t","206":" ","207":"\\","208":"\"","209":".","210":"/","211":"s","212":"t","213":"y","214":"l","215":"e","216":"s","217":".","218":"c","219":"s","220":"s","221":"\\","222":"\"","223":";","224":"\\","225":"n","226":" ","227":" ","228":"i","229":"m","230":"p","231":"o","232":"r","233":"t","234":" ","235":"\\","236":"\"","237":".","238":".","239":"/","240":"a","241":"p","242":"p","243":".","244":"c","245":"s","246":"s","247":"\\","248":"\"","249":";","250":"\\","251":"n","252":" ","253":" ","254":"/","255":"/","256":" ","257":"c","258":"o","259":"n","260":"s","261":"t","262":" ","263":" ","264":"m","265":"e","266":"s","267":"s","268":"a","269":"g","270":"e","271":" ","272":"=","273":" ","274":"g","275":"e","276":"t","277":"C","278":"o","279":"n","280":"t","281":"e","282":"x","283":"t","284":"(","285":"'","286":"t","287":"h","288":"i","289":"s","290":"K","291":"e","292":"y","293":"'","294":")","295":"\\","296":"n","297":"<","298":"/","299":"s","300":"c","301":"r","302":"i","303":"p","304":"t","305":">","306":"\\","307":"n","308":"\\","309":"n","310":"<","311":"d","312":"i","313":"v","314":" ","315":"c","316":"l","317":"a","318":"s","319":"s","320":"=","321":"\\","322":"\"","323":"f","324":"l","325":"e","326":"x","327":" ","328":"f","329":"l","330":"e","331":"x","332":"-","333":"c","334":"o","335":"l","336":" ","337":"j","338":"u","339":"s","340":"t","341":"i","342":"f","343":"y","344":"-","345":"b","346":"e","347":"t","348":"w","349":"e","350":"e","351":"n","352":" ","353":"h","354":"-","355":"[","356":"1","357":"0","358":"0","359":"v","360":"h","361":"]","362":" ","363":"m","364":"i","365":"n","366":"-","367":"w","368":"-","369":"[","370":"1","371":"0","372":"0","373":"v","374":"h","375":"]","376":"\\","377":"\"","378":">","379":"\\","380":"n","381":" ","382":" ","383":"<","384":"d","385":"i","386":"v","387":">","388":"\\","389":"n","390":" ","391":" ","392":" ","393":" ","394":"<","395":"H","396":"e","397":"a","398":"d","399":"e","400":"r","401":" ","402":"/","403":">","404":"\\","405":"n","406":" ","407":" ","408":"\\","409":"n","410":" ","411":" ","412":" ","413":" ","414":"<","415":"m","416":"a","417":"i","418":"n","419":" ","420":"c","421":"l","422":"a","423":"s","424":"s","425":"=","426":"\\","427":"\"","428":"f","429":"l","430":"e","431":"x","432":" ","433":" ","434":"f","435":"l","436":"e","437":"x","438":"-","439":"1","440":" ","441":"f","442":"l","443":"e","444":"x","445":"-","446":"c","447":"o","448":"l","449":" ","450":"p","451":"-","452":"[","453":"1","454":"r","455":"e","456":"m","457":"]","458":" ","459":"w","460":"-","461":"f","462":"u","463":"l","464":"l","465":" ","466":"m","467":"a","468":"x","469":"-","470":"w","471":"-","472":"[","473":"6","474":"4","475":"r","476":"e","477":"m","478":"]","479":" ","480":"m","481":"x","482":"-","483":"a","484":"u","485":"t","486":"o","487":" ","488":"b","489":"o","490":"r","491":"d","492":"e","493":"-","494":"b","495":"o","496":"x","497":"\\","498":"\"","499":">","500":"\\","501":"n","502":" ","503":" ","504":" ","505":" ","506":" ","507":" ","508":"<","509":"s","510":"l","511":"o","512":"t","513":" ","514":"/","515":">","516":"\\","517":"n","518":" ","519":" ","520":" ","521":" ","522":"<","523":"/","524":"m","525":"a","526":"i","527":"n","528":">","529":"\\","530":"n","531":" ","532":" ","533":"<","534":"/","535":"d","536":"i","537":"v","538":">","539":"\\","540":"n","541":"\\","542":"n","543":" ","544":" ","545":"<","546":"f","547":"o","548":"o","549":"t","550":"e","551":"r","552":" ","553":"c","554":"l","555":"a","556":"s","557":"s","558":"=","559":"\\","560":"\"","561":"f","562":"l","563":"e","564":"x","565":" ","566":"f","567":"l","568":"e","569":"x","570":"-","571":"c","572":"o","573":"l","574":" ","575":"j","576":"u","577":"s","578":"t","579":"i","580":"f","581":"y","582":"-","583":"c","584":"e","585":"n","586":"t","587":"e","588":"r","589":" ","590":"i","591":"t","592":"e","593":"m","594":"s","595":"-","596":"c","597":"e","598":"n","599":"t","600":"e","601":"r","602":" ","603":"p","604":"-","605":"[","606":"3","607":"r","608":"e","609":"m","610":"]","611":" ","612":"f","613":"o","614":"n","615":"t","616":"-","617":"t","618":"h","619":"i","620":"n","621":" ","622":"w","623":"-","624":"f","625":"i","626":"t","627":" ","628":"m","629":"x","630":"-","631":"a","632":"u","633":"t","634":"o","635":" ","636":"b","637":"o","638":"r","639":"d","640":"e","641":"r","642":"-","643":"b","644":"l","645":"a","646":"c","647":"k","648":" ","649":"b","650":"o","651":"r","652":"d","653":"e","654":"r","655":"-","656":"t","657":"\\","658":"\"","659":">","660":"\\","661":"n","662":" ","663":" ","664":" ","665":" ","666":"<","667":"p","668":" ","669":"c","670":"l","671":"a","672":"s","673":"s","674":"=","675":"\\","676":"\"","677":"p","678":"x","679":"-","680":"[","681":"3","682":"r","683":"e","684":"m","685":"]","686":"\\","687":"\"","688":">","689":"\\","690":"n","691":" ","692":" ","693":" ","694":" ","695":" ","696":" ","697":"c","698":"o","699":"p","700":"y","701":"r","702":"i","703":"g","704":"h","705":"t","706":" ","707":"2","708":"0","709":"2","710":"3","711":" ","712":"{","713":"m","714":"e","715":"s","716":"s","717":"a","718":"g","719":"e","720":"}","721":"\\","722":"n","723":" ","724":" ","725":" ","726":" ","727":"<","728":"/","729":"p","730":">","731":"\\","732":"n","733":" ","734":" ","735":"<","736":"/","737":"f","738":"o","739":"o","740":"t","741":"e","742":"r","743":">","744":"\\","745":"n","746":"<","747":"/","748":"d","749":"i","750":"v","751":">","752":"\\","753":"n","754":"\\","755":"n","756":"<","757":"s","758":"t","759":"y","760":"l","761":"e","762":">","763":"\\","764":"n","765":" ","766":" ","767":"@","768":"m","769":"e","770":"d","771":"i","772":"a","773":" ","774":"(","775":"m","776":"i","777":"n","778":"-","779":"w","780":"i","781":"d","782":"t","783":"h","784":":","785":" ","786":"4","787":"8","788":"0","789":"p","790":"x","791":")","792":" ","793":"{","794":"\\","795":"n","796":" ","797":" ","798":" ","799":" ","800":"f","801":"o","802":"o","803":"t","804":"e","805":"r","806":" ","807":"{","808":"\\","809":"n","810":" ","811":" ","812":" ","813":" ","814":" ","815":" ","816":"p","817":"a","818":"d","819":"d","820":"i","821":"n","822":"g","823":":","824":" ","825":"1","826":"2","827":"p","828":"x","829":" ","830":"0","831":";","832":"\\","833":"n","834":" ","835":" ","836":" ","837":" ","838":"}","839":"\\","840":"n","841":" ","842":" ","843":"}","844":"\\","845":"n","846":"<","847":"/","848":"s","849":"t","850":"y","851":"l","852":"e","853":">","854":"\\","855":"n","856":"\"","857":"]","858":",","859":"\"","860":"m","861":"a","862":"p","863":"p","864":"i","865":"n","866":"g","867":"s","868":"\"","869":":","870":"\"","871":";","872":";","873":";","874":";","875":";","876":";","877":";","878":";","879":";","880":";","881":";","882":";","883":";","884":";","885":";","886":";","887":";","888":";","889":";","890":";","891":";","892":";","893":";","894":";","895":";","896":";","897":";","898":";","899":";","900":";","901":"O","902":"A","903":"C","904":"S","905":",","906":"M","907":"A","908":"A","909":"M","910":",","911":"M","912":"A","913":"A","914":"M","915":",","916":"i","917":"B","918":"A","919":"A","920":"i","921":"B","922":";","923":";","924":";","925":"O","926":"A","927":"G","928":"7","929":"B","930":",","931":"c","932":"A","933":"A","934":"c","935":";","936":";","937":"O","938":"A","939":"C","940":"d","941":",","942":"Y","943":"A","944":"A","945":"Y","946":";","947":";","948":";","949":";","950":";","951":";","952":";","953":";","954":";","955":";","956":";","957":";","958":";","959":";","960":";","961":";","962":";","963":";","964":";","965":";","966":";","967":";","968":";","969":";","970":";","971":";","972":";","973":";","974":";","975":";","976":";","977":";","978":";","979":";","980":"a","981":"A","982":"c","983":"I","984":",","985":"i","986":"B","987":"A","988":"C","989":"J","990":";","991":"y","992":"B","993":"A","994":"A","995":"C","996":",","997":"G","998":"A","999":"A","1000":"O","1001":";","1002":";","1003":";","1004":";","1005":";","1006":";","1007":";","1008":";","1009":";","1010":";","1011":";","1012":";","1013":";","1014":";","1015":";","1016":"G","1017":"A","1018":"X","1019":"7","1020":"B","1021":",","1022":"U","1023":"A","1024":"c","1025":"M","1026":";","1027":"G","1028":"A","1029":"b","1030":"J","1031":",","1032":"U","1033":"A","1034":"M","1035":"M","1036":";","1037":";","1038":";","1039":"G","1040":"A","1041":"H","1042":"J","1043":",","1044":"U","1045":"A","1046":"E","1047":"O","1048":";","1049":";","1050":";","1051":";","1052":";","1053":";","1054":";","1055":"G","1056":"A","1057":"G","1058":"T","1059":",","1060":"U","1061":"A","1062":"I","1063":"S","1064":";","1065":"G","1066":"A","1067":"H","1068":"P","1069":",","1070":"U","1071":"A","1072":"E","1073":"I","1074":";","1075":";","1076":";","1077":";","1078":";","1079":";","1080":";","1081":";","1082":";","1083":";","1084":";","1085":";","1086":";","1087":";","1088":";","1089":";","1090":";","1091":";","1092":";","1093":";","1094":";","1095":"u","1096":"E","1097":"A","1098":"D","1099":"c","1100":",","1101":"G","1102":"A","1103":"A","1104":"O","1105":";","1106":";","1107":";","1108":";","1109":";","1110":";","1111":";","1112":";","1113":";","1114":";","1115":";","1116":";","1117":";","1118":";","1119":";","1120":";","1121":";","1122":";","1123":";","1124":";","1125":";","1126":";","1127":";","1128":";","1129":";","1130":";","1131":";","1132":";","1133":";","1134":";","1135":";","1136":";","1137":";","1138":";","1139":";","1140":";","1141":";","1142":"O","1143":"A","1144":"l","1145":"B","1146":"h","1147":"B","1148":",","1149":"O","1150":"A","1151":"A","1152":"O","1153":",","1154":"G","1155":"A","1156":"A","1157":"G","1158":",","1159":"E","1160":"A","1161":"A","1162":"E","1163":";","1164":";","1165":";","1166":";","1167":";","1168":";","1169":";","1170":";","1171":";","1172":";","1173":";","1174":";","1175":";","1176":";","1177":";","1178":";","1179":";","1180":";","1181":";","1182":";","1183":";","1184":";","1185":";","1186":";","1187":";","1188":";","1189":";","1190":";","1191":";","1192":";","1193":";","1194":";","1195":";","1196":";","1197":";","1198":";","1199":";","1200":";","1201":";","1202":";","1203":";","1204":";","1205":";","1206":";","1207":";","1208":";","1209":";","1210":";","1211":"\"","1212":"}"}}
,"/Users/xo/cours/svelte/voteSvelte/src/routes/+page.ts": {"path":"/Users/xo/cours/svelte/voteSvelte/src/routes/+page.ts","statementMap":{"0":{"start":{"line":10,"column":25},"end":{"line":10,"column":29}}},"fnMap":{},"branchMap":{},"s":{"0":0},"f":{},"b":{},"inputSourceMap":null}
,"/Users/xo/cours/svelte/voteSvelte/src/routes/Header.svelte": {"path":"/Users/xo/cours/svelte/voteSvelte/src/routes/Header.svelte","statementMap":{"0":{"start":{"line":24,"column":13},"end":{"line":24,"column":28}},"1":{"start":{"line":27,"column":1},"end":{"line":27,"column":1308}},"2":{"start":{"line":41,"column":15},"end":{"line":103,"column":2}},"3":{"start":{"line":43,"column":3},"end":{"line":43,"column":30}},"4":{"start":{"line":44,"column":3},"end":{"line":44,"column":24}},"5":{"start":{"line":45,"column":3},"end":{"line":45,"column":21}},"6":{"start":{"line":46,"column":3},"end":{"line":46,"column":22}},"7":{"start":{"line":47,"column":3},"end":{"line":47,"column":34}},"8":{"start":{"line":48,"column":3},"end":{"line":48,"column":16}},"9":{"start":{"line":49,"column":3},"end":{"line":49,"column":24}},"10":{"start":{"line":50,"column":3},"end":{"line":50,"column":21}},"11":{"start":{"line":51,"column":3},"end":{"line":51,"column":27}},"12":{"start":{"line":52,"column":3},"end":{"line":52,"column":16}},"13":{"start":{"line":53,"column":3},"end":{"line":53,"column":21}},"14":{"start":{"line":54,"column":3},"end":{"line":54,"column":28}},"15":{"start":{"line":55,"column":3},"end":{"line":55,"column":73}},"16":{"start":{"line":56,"column":3},"end":{"line":56,"column":37}},"17":{"start":{"line":57,"column":3},"end":{"line":57,"column":29}},"18":{"start":{"line":58,"column":3},"end":{"line":58,"column":37}},"19":{"start":{"line":59,"column":3},"end":{"line":59,"column":58}},"20":{"start":{"line":60,"column":3},"end":{"line":60,"column":38}},"21":{"start":{"line":61,"column":3},"end":{"line":61,"column":53}},"22":{"start":{"line":62,"column":3},"end":{"line":62,"column":29}},"23":{"start":{"line":63,"column":3},"end":{"line":63,"column":58}},"24":{"start":{"line":64,"column":3},"end":{"line":64,"column":38}},"25":{"start":{"line":65,"column":3},"end":{"line":65,"column":53}},"26":{"start":{"line":66,"column":3},"end":{"line":66,"column":33}},"27":{"start":{"line":67,"column":3},"end":{"line":67,"column":62}},"28":{"start":{"line":68,"column":3},"end":{"line":68,"column":38}},"29":{"start":{"line":69,"column":3},"end":{"line":69,"column":93}},"30":{"start":{"line":70,"column":3},"end":{"line":70,"column":39}},"31":{"start":{"line":71,"column":3},"end":{"line":71,"column":40}},"32":{"start":{"line":74,"column":3},"end":{"line":74,"column":114}},"33":{"start":{"line":77,"column":3},"end":{"line":77,"column":38}},"34":{"start":{"line":78,"column":3},"end":{"line":78,"column":27}},"35":{"start":{"line":79,"column":3},"end":{"line":79,"column":23}},"36":{"start":{"line":80,"column":3},"end":{"line":80,"column":22}},"37":{"start":{"line":81,"column":3},"end":{"line":81,"column":26}},"38":{"start":{"line":82,"column":3},"end":{"line":82,"column":27}},"39":{"start":{"line":83,"column":3},"end":{"line":83,"column":23}},"40":{"start":{"line":84,"column":3},"end":{"line":84,"column":23}},"41":{"start":{"line":85,"column":3},"end":{"line":85,"column":23}},"42":{"start":{"line":88,"column":3},"end":{"line":90,"column":4}},"43":{"start":{"line":89,"column":4},"end":{"line":89,"column":59}},"44":{"start":{"line":92,"column":3},"end":{"line":94,"column":4}},"45":{"start":{"line":93,"column":4},"end":{"line":93,"column":63}},"46":{"start":{"line":99,"column":3},"end":{"line":101,"column":4}},"47":{"start":{"line":100,"column":4},"end":{"line":100,"column":23}},"48":{"start":{"line":105,"column":1},"end":{"line":111,"column":4}},"49":{"start":{"line":113,"column":1},"end":{"line":113,"column":14}},"50":{"start":{"line":119,"column":1},"end":{"line":119,"column":30}},"51":{"start":{"line":120,"column":1},"end":{"line":120,"column":80}},"52":{"start":{"line":120,"column":46},"end":{"line":120,"column":78}},"53":{"start":{"line":121,"column":40},"end":{"line":121,"column":47}},"54":{"start":{"line":122,"column":1},"end":{"line":122,"column":37}},"55":{"start":{"line":123,"column":24},"end":{"line":123,"column":26}},"56":{"start":{"line":125,"column":1},"end":{"line":127,"column":4}},"57":{"start":{"line":126,"column":2},"end":{"line":126,"column":147}},"58":{"start":{"line":126,"column":83},"end":{"line":126,"column":147}},"59":{"start":{"line":129,"column":1},"end":{"line":129,"column":58}},"60":{"start":{"line":129,"column":32},"end":{"line":129,"column":56}},"61":{"start":{"line":131,"column":1},"end":{"line":133,"column":3}},"62":{"start":{"line":132,"column":2},"end":{"line":132,"column":71}},"63":{"start":{"line":132,"column":28},"end":{"line":132,"column":71}},"64":{"start":{"line":135,"column":1},"end":{"line":137,"column":2}},"65":{"start":{"line":136,"column":2},"end":{"line":136,"column":41}},"66":{"start":{"line":139,"column":1},"end":{"line":143,"column":3}},"67":{"start":{"line":140,"column":2},"end":{"line":142,"column":3}},"68":{"start":{"line":141,"column":3},"end":{"line":141,"column":48}},"69":{"start":{"line":141,"column":6},"end":{"line":141,"column":48}},"70":{"start":{"line":145,"column":1},"end":{"line":145,"column":25}},"71":{"start":{"line":150,"column":2},"end":{"line":150,"column":17}},"72":{"start":{"line":151,"column":2},"end":{"line":151,"column":78}},"73":{"start":{"line":153,"column":2},"end":{"line":158,"column":5}}},"fnMap":{"0":{"name":"add_css","decl":{"start":{"line":26,"column":9},"end":{"line":26,"column":16}},"loc":{"start":{"line":26,"column":25},"end":{"line":28,"column":1}},"line":26},"1":{"name":"create_fragment","decl":{"start":{"line":30,"column":9},"end":{"line":30,"column":24}},"loc":{"start":{"line":30,"column":30},"end":{"line":114,"column":1}},"line":30},"2":{"name":"create","decl":{"start":{"line":42,"column":14},"end":{"line":42,"column":20}},"loc":{"start":{"line":42,"column":23},"end":{"line":72,"column":3}},"line":42},"3":{"name":"claim","decl":{"start":{"line":73,"column":14},"end":{"line":73,"column":19}},"loc":{"start":{"line":73,"column":27},"end":{"line":75,"column":3}},"line":73},"4":{"name":"mount","decl":{"start":{"line":76,"column":14},"end":{"line":76,"column":19}},"loc":{"start":{"line":76,"column":36},"end":{"line":86,"column":3}},"line":76},"5":{"name":"update","decl":{"start":{"line":87,"column":14},"end":{"line":87,"column":20}},"loc":{"start":{"line":87,"column":35},"end":{"line":95,"column":3}},"line":87},"6":{"name":"destroy","decl":{"start":{"line":98,"column":14},"end":{"line":98,"column":21}},"loc":{"start":{"line":98,"column":33},"end":{"line":102,"column":3}},"line":98},"7":{"name":"instance","decl":{"start":{"line":116,"column":9},"end":{"line":116,"column":17}},"loc":{"start":{"line":116,"column":49},"end":{"line":146,"column":1}},"line":116},"8":{"name":"(anonymous_8)","decl":{"start":{"line":120,"column":35},"end":{"line":120,"column":36}},"loc":{"start":{"line":120,"column":46},"end":{"line":120,"column":78}},"line":120},"9":{"name":"(anonymous_9)","decl":{"start":{"line":125,"column":30},"end":{"line":125,"column":31}},"loc":{"start":{"line":125,"column":37},"end":{"line":127,"column":2}},"line":125},"10":{"name":"(anonymous_10)","decl":{"start":{"line":129,"column":25},"end":{"line":129,"column":26}},"loc":{"start":{"line":129,"column":32},"end":{"line":129,"column":56}},"line":129},"11":{"name":"(anonymous_11)","decl":{"start":{"line":131,"column":24},"end":{"line":131,"column":25}},"loc":{"start":{"line":131,"column":35},"end":{"line":133,"column":2}},"line":131},"12":{"name":"(anonymous_12)","decl":{"start":{"line":139,"column":20},"end":{"line":139,"column":21}},"loc":{"start":{"line":139,"column":26},"end":{"line":143,"column":2}},"line":139},"13":{"name":"(anonymous_13)","decl":{"start":{"line":149,"column":1},"end":{"line":149,"column":2}},"loc":{"start":{"line":149,"column":22},"end":{"line":159,"column":2}},"line":149}},"branchMap":{"0":{"loc":{"start":{"line":88,"column":3},"end":{"line":90,"column":4}},"type":"if","locations":[{"start":{"line":88,"column":3},"end":{"line":90,"column":4}},{"start":{},"end":{}}],"line":88},"1":{"loc":{"start":{"line":92,"column":3},"end":{"line":94,"column":4}},"type":"if","locations":[{"start":{"line":92,"column":3},"end":{"line":94,"column":4}},{"start":{},"end":{}}],"line":92},"2":{"loc":{"start":{"line":99,"column":3},"end":{"line":101,"column":4}},"type":"if","locations":[{"start":{"line":99,"column":3},"end":{"line":101,"column":4}},{"start":{},"end":{}}],"line":99},"3":{"loc":{"start":{"line":121,"column":16},"end":{"line":121,"column":26}},"type":"default-arg","locations":[{"start":{"line":121,"column":24},"end":{"line":121,"column":26}}],"line":121},"4":{"loc":{"start":{"line":126,"column":2},"end":{"line":126,"column":147}},"type":"if","locations":[{"start":{"line":126,"column":2},"end":{"line":126,"column":147}},{"start":{},"end":{}}],"line":126},"5":{"loc":{"start":{"line":126,"column":6},"end":{"line":126,"column":81}},"type":"binary-expr","locations":[{"start":{"line":126,"column":6},"end":{"line":126,"column":35}},{"start":{"line":126,"column":39},"end":{"line":126,"column":63}},{"start":{"line":126,"column":67},"end":{"line":126,"column":81}}],"line":126},"6":{"loc":{"start":{"line":132,"column":2},"end":{"line":132,"column":71}},"type":"if","locations":[{"start":{"line":132,"column":2},"end":{"line":132,"column":71}},{"start":{},"end":{}}],"line":132},"7":{"loc":{"start":{"line":135,"column":1},"end":{"line":137,"column":2}},"type":"if","locations":[{"start":{"line":135,"column":1},"end":{"line":137,"column":2}},{"start":{},"end":{}}],"line":135},"8":{"loc":{"start":{"line":135,"column":5},"end":{"line":135,"column":37}},"type":"binary-expr","locations":[{"start":{"line":135,"column":5},"end":{"line":135,"column":12}},{"start":{"line":135,"column":16},"end":{"line":135,"column":37}}],"line":135},"9":{"loc":{"start":{"line":140,"column":2},"end":{"line":142,"column":3}},"type":"if","locations":[{"start":{"line":140,"column":2},"end":{"line":142,"column":3}},{"start":{},"end":{}}],"line":140}},"s":{"0":0,"1":0,"2":0,"3":0,"4":0,"5":0,"6":0,"7":0,"8":0,"9":0,"10":0,"11":0,"12":0,"13":0,"14":0,"15":0,"16":0,"17":0,"18":0,"19":0,"20":0,"21":0,"22":0,"23":0,"24":0,"25":0,"26":0,"27":0,"28":0,"29":0,"30":0,"31":0,"32":0,"33":0,"34":0,"35":0,"36":0,"37":0,"38":0,"39":0,"40":0,"41":0,"42":0,"43":0,"44":0,"45":0,"46":0,"47":0,"48":0,"49":0,"50":0,"51":0,"52":0,"53":0,"54":0,"55":0,"56":0,"57":0,"58":0,"59":0,"60":0,"61":0,"62":0,"63":0,"64":0,"65":0,"66":0,"67":0,"68":0,"69":0,"70":0,"71":0,"72":0,"73":0},"f":{"0":0,"1":0,"2":0,"3":0,"4":0,"5":0,"6":0,"7":0,"8":0,"9":0,"10":0,"11":0,"12":0,"13":0},"b":{"0":[0,0],"1":[0,0],"2":[0,0],"3":[0],"4":[0,0],"5":[0,0,0],"6":[0,0],"7":[0,0],"8":[0,0],"9":[0,0]},"inputSourceMap":{"0":"{","1":"\"","2":"v","3":"e","4":"r","5":"s","6":"i","7":"o","8":"n","9":"\"","10":":","11":"3","12":",","13":"\"","14":"n","15":"a","16":"m","17":"e","18":"s","19":"\"","20":":","21":"[","22":"]","23":",","24":"\"","25":"s","26":"o","27":"u","28":"r","29":"c","30":"e","31":"s","32":"\"","33":":","34":"[","35":"\"","36":"H","37":"e","38":"a","39":"d","40":"e","41":"r","42":".","43":"s","44":"v","45":"e","46":"l","47":"t","48":"e","49":"\"","50":"]","51":",","52":"\"","53":"s","54":"o","55":"u","56":"r","57":"c","58":"e","59":"s","60":"C","61":"o","62":"n","63":"t","64":"e","65":"n","66":"t","67":"\"","68":":","69":"[","70":"\"","71":"<","72":"s","73":"c","74":"r","75":"i","76":"p","77":"t","78":">","79":"\\","80":"n","81":" ","82":" ","83":"i","84":"m","85":"p","86":"o","87":"r","88":"t","89":" ","90":"{","91":" ","92":"p","93":"a","94":"g","95":"e","96":" ","97":"}","98":" ","99":"f","100":"r","101":"o","102":"m","103":" ","104":"\\","105":"\"","106":"$","107":"a","108":"p","109":"p","110":"/","111":"s","112":"t","113":"o","114":"r","115":"e","116":"s","117":"\\","118":"\"","119":";","120":"\\","121":"n","122":" ","123":" ","124":"$","125":":","126":" ","127":" ","128":"r","129":"o","130":"u","131":"t","132":"e","133":"I","134":"d","135":" ","136":" ","137":"=","138":" ","139":"$","140":"p","141":"a","142":"g","143":"e","144":".","145":"r","146":"o","147":"u","148":"t","149":"e","150":".","151":"i","152":"d","153":"\\","154":"n","155":"<","156":"/","157":"s","158":"c","159":"r","160":"i","161":"p","162":"t","163":">","164":"\\","165":"n","166":"\\","167":"n","168":"<","169":"h","170":"e","171":"a","172":"d","173":"e","174":"r","175":">","176":"\\","177":"n","178":" ","179":" ","180":"<","181":"d","182":"i","183":"v","184":" ","185":"c","186":"l","187":"a","188":"s","189":"s","190":"=","191":"\\","192":"\"","193":"b","194":"g","195":"-","196":"b","197":"l","198":"u","199":"e","200":"-","201":"2","202":"0","203":"0","204":" ","205":"p","206":"y","207":"-","208":"1","209":"0","210":" ","211":"o","212":"p","213":"a","214":"c","215":"i","216":"t","217":"y","218":"-","219":"2","220":"0","221":"\\","222":"\"","223":">","224":"\\","225":"n","226":" ","227":" ","228":" ","229":" ","230":"<","231":"a","232":" ","233":"h","234":"r","235":"e","236":"f","237":"=","238":"\\","239":"\"","240":"/","241":"\\","242":"\"","243":">","244":"\\","245":"n","246":" ","247":" ","248":" ","249":" ","250":" ","251":" ","252":"<","253":"h","254":"1","255":" ","256":"c","257":"l","258":"a","259":"s","260":"s","261":"=","262":"\\","263":"\"","264":"f","265":"o","266":"n","267":"t","268":"-","269":"b","270":"o","271":"l","272":"d","273":" ","274":"t","275":"e","276":"x","277":"t","278":"-","279":"5","280":"x","281":"l","282":" ","283":"o","284":"p","285":"a","286":"c","287":"i","288":"t","289":"y","290":"-","291":"3","292":"0","293":"=","294":" ","295":"t","296":"e","297":"x","298":"t","299":"-","300":"p","301":"i","302":"n","303":"k","304":"-","305":"1","306":"0","307":"0","308":"\\","309":"\"","310":">","311":"P","312":"R","313":"E","314":"F","315":"E","316":"R","317":"E","318":"N","319":"C","320":"E","321":"S","322":"<","323":"/","324":"h","325":"1","326":">","327":"\\","328":"n","329":" ","330":" ","331":" ","332":" ","333":"<","334":"/","335":"a","336":">","337":"\\","338":"n","339":" ","340":" ","341":"<","342":"/","343":"d","344":"i","345":"v","346":">","347":"\\","348":"n","349":" ","350":"<","351":"n","352":"a","353":"v","354":" ","355":"c","356":"l","357":"a","358":"s","359":"s","360":"=","361":"\\","362":"\"","363":"b","364":"g","365":"-","366":"b","367":"l","368":"u","369":"e","370":"-","371":"9","372":"0","373":"0","374":" ","375":"f","376":"l","377":"e","378":"x","379":" ","380":"j","381":"u","382":"s","383":"t","384":"i","385":"f","386":"y","387":"-","388":"c","389":"e","390":"n","391":"t","392":"e","393":"r","394":" ","395":"g","396":"a","397":"p","398":"-","399":"4","400":" ","401":"t","402":"e","403":"x","404":"t","405":"-","406":"w","407":"h","408":"i","409":"t","410":"e","411":"\\","412":"\"","413":">","414":"\\","415":"n","416":" ","417":" ","418":" ","419":"<","420":"a","421":" ","422":"c","423":"l","424":"a","425":"s","426":"s","427":"=","428":"\\","429":"\"","430":"f","431":"o","432":"n","433":"t","434":"-","435":"b","436":"o","437":"l","438":"d","439":"\\","440":"\"","441":" ","442":"c","443":"l","444":"a","445":"s","446":"s","447":":","448":"a","449":"c","450":"t","451":"i","452":"v","453":"e","454":"=","455":"{","456":"r","457":"o","458":"u","459":"t","460":"e","461":"I","462":"d","463":" ","464":"=","465":"=","466":"=","467":" ","468":"'","469":"/","470":"'","471":"}","472":" ","473":"h","474":"r","475":"e","476":"f","477":"=","478":"\\","479":"\"","480":"/","481":"\\","482":"\"","483":">","484":"V","485":"o","486":"t","487":"e","488":"<","489":"/","490":"a","491":">","492":"\\","493":"n","494":" ","495":" ","496":" ","497":" ","498":"<","499":"a","500":" ","501":"c","502":"l","503":"a","504":"s","505":"s","506":"=","507":"\\","508":"\"","509":"f","510":"o","511":"n","512":"t","513":"-","514":"b","515":"o","516":"l","517":"d","518":"\\","519":"\"","520":" ","521":"c","522":"l","523":"a","524":"s","525":"s","526":":","527":"a","528":"c","529":"t","530":"i","531":"v","532":"e","533":"=","534":"{","535":"r","536":"o","537":"u","538":"t","539":"e","540":"I","541":"d","542":" ","543":"=","544":"=","545":"=","546":" ","547":"'","548":"/","549":"t","550":"o","551":"d","552":"o","553":"'","554":"}","555":" ","556":"h","557":"r","558":"e","559":"f","560":"=","561":"\\","562":"\"","563":"/","564":"t","565":"o","566":"d","567":"o","568":"\\","569":"\"","570":">","571":"T","572":"a","573":"s","574":"k","575":"s","576":"<","577":"/","578":"a","579":">","580":"\\","581":"n","582":" ","583":" ","584":"<","585":"/","586":"n","587":"a","588":"v","589":">","590":"\\","591":"n","592":"<","593":"/","594":"h","595":"e","596":"a","597":"d","598":"e","599":"r","600":">","601":"\\","602":"n","603":"\\","604":"n","605":"<","606":"s","607":"t","608":"y","609":"l","610":"e","611":" ","612":"l","613":"a","614":"n","615":"g","616":"=","617":"\\","618":"\"","619":"p","620":"o","621":"s","622":"t","623":"c","624":"s","625":"s","626":"\\","627":"\"","628":">","629":"\\","630":"n","631":" ","632":" ","633":"n","634":"a","635":"v","636":" ","637":"a","638":".","639":"a","640":"c","641":"t","642":"i","643":"v","644":"e","645":" ","646":"{","647":"\\","648":"n","649":" ","650":" ","651":" ","652":" ","653":"t","654":"e","655":"x","656":"t","657":"-","658":"d","659":"e","660":"c","661":"o","662":"r","663":"a","664":"t","665":"i","666":"o","667":"n","668":":","669":" ","670":"u","671":"n","672":"d","673":"e","674":"r","675":"l","676":"i","677":"n","678":"e","679":";","680":"\\","681":"n","682":" ","683":" ","684":" ","685":" ","686":"f","687":"o","688":"n","689":"t","690":"-","691":"w","692":"e","693":"i","694":"g","695":"h","696":"t","697":":","698":" ","699":"b","700":"o","701":"l","702":"d","703":";","704":"\\","705":"n","706":" ","707":" ","708":"}","709":"\\","710":"n","711":"<","712":"/","713":"s","714":"t","715":"y","716":"l","717":"e","718":">","719":"\\","720":"n","721":"\"","722":"]","723":",","724":"\"","725":"m","726":"a","727":"p","728":"p","729":"i","730":"n","731":"g","732":"s","733":"\"","734":":","735":"\"","736":";","737":";","738":";","739":";","740":";","741":";","742":";","743":";","744":";","745":";","746":";","747":";","748":";","749":";","750":";","751":";","752":";","753":";","754":";","755":";","756":";","757":";","758":"S","759":"A","760":"C","761":"W","762":",","763":"I","764":"A","765":"A","766":"I","767":",","768":"Q","769":"A","770":"A","771":"Q","772":",","773":"a","774":"A","775":"A","776":"a","777":";","778":";","779":";","780":";","781":";","782":";","783":";","784":";","785":";","786":";","787":";","788":";","789":";","790":";","791":";","792":";","793":";","794":";","795":";","796":";","797":";","798":";","799":";","800":";","801":";","802":";","803":";","804":";","805":";","806":";","807":";","808":";","809":";","810":";","811":";","812":";","813":";","814":";","815":";","816":";","817":"0","818":"C","819":"A","820":"W","821":"E","822":",","823":"G","824":"A","825":"A","826":"O","827":",","828":"Q","829":"A","830":"A","831":"K","832":",","833":"G","834":"A","835":"A","836":"G","837":";","838":";","839":";","840":";","841":"0","842":"C","843":"A","844":"C","845":"d","846":",","847":"G","848":"A","849":"A","850":"O","851":",","852":"Q","853":"A","854":"A","855":"K","856":",","857":"O","858":"A","859":"A","860":"O","861":";","862":";","863":";","864":";","865":";","866":";","867":";","868":";","869":";","870":";","871":"G","872":"A","873":"R","874":"1","875":"D","876":",","877":"U","878":"A","879":"U","880":"S","881":";","882":"G","883":"A","884":"T","885":"P","886":",","887":"U","888":"A","889":"I","890":"M","891":";","892":"G","893":"A","894":"H","895":"J","896":",","897":"U","898":"A","899":"E","900":"I","901":";","902":"G","903":"A","904":"D","905":"F","906":",","907":"U","908":"A","909":"A","910":"y","911":"E","912":";","913":";","914":"G","915":"A","916":"G","917":"9","918":"E","919":",","920":"U","921":"A","922":"G","923":"O","924":";","925":"G","926":"A","927":"F","928":"L","929":",","930":"U","931":"A","932":"A","933":"q","934":"E","935":";","936":";","937":"G","938":"A","939":"C","940":"p","941":"E","942":",","943":"U","944":"A","945":"A","946":"8","947":"E","948":";","949":";","950":";","951":";","952":"2","953":"C","954":"A","955":"D","956":"5","957":"C","958":",","959":"G","960":"A","961":"A","962":"O","963":",","964":"Q","965":"A","966":"A","967":"K","968":",","969":"G","970":"A","971":"A","972":"G","973":";","974":";","975":";","976":";","977":"2","978":"C","979":"A","980":"C","981":"d","982":",","983":"G","984":"A","985":"A","986":"O","987":",","988":"Q","989":"A","990":"A","991":"K","992":",","993":"O","994":"A","995":"A","996":"O","997":";","998":";","999":";","1000":";","1001":";","1002":";","1003":";","1004":";","1005":";","1006":";","1007":";","1008":";","1009":";","1010":";","1011":";","1012":";","1013":";","1014":";","1015":";","1016":";","1017":";","1018":";","1019":";","1020":";","1021":";","1022":";","1023":";","1024":";","1025":";","1026":";","1027":";","1028":";","1029":";","1030":";","1031":";","1032":";","1033":";","1034":";","1035":";","1036":";","1037":";","1038":";","1039":";","1040":";","1041":";","1042":";","1043":";","1044":";","1045":"G","1046":"A","1047":"X","1048":"x","1049":"D","1050":",","1051":"C","1052":"A","1053":"A","1054":"C","1055":",","1056":"k","1057":"B","1058":"A","1059":"A","1060":"G","1061":",","1062":"O","1063":"A","1064":"A","1065":"O","1066":",","1067":"G","1068":"A","1069":"A","1070":"I","1071":",","1072":"K","1073":"A","1074":"A","1075":"K","1076":",","1077":"C","1078":"A","1079":"A","1080":"C","1081":",","1082":"K","1083":"A","1084":"A","1085":"K","1086":",","1087":"C","1088":"A","1089":"A","1090":"C","1091":",","1092":"E","1093":"A","1094":"A","1095":"E","1096":";","1097":";","1098":";","1099":";","1100":";","1101":";","1102":";","1103":";","1104":";","1105":";","1106":";","1107":";","1108":";","1109":";","1110":";","1111":";","1112":";","1113":";","1114":";","1115":";","1116":";","1117":"\"","1118":"}"}}
,"/Users/xo/cours/svelte/voteSvelte/src/routes/current/+page.svelte": {"path":"/Users/xo/cours/svelte/voteSvelte/src/routes/current/+page.svelte","statementMap":{"0":{"start":{"line":20,"column":13},"end":{"line":20,"column":27}},"1":{"start":{"line":42,"column":15},"end":{"line":117,"column":2}},"2":{"start":{"line":44,"column":3},"end":{"line":44,"column":26}},"3":{"start":{"line":45,"column":3},"end":{"line":45,"column":16}},"4":{"start":{"line":46,"column":3},"end":{"line":46,"column":24}},"5":{"start":{"line":47,"column":3},"end":{"line":47,"column":22}},"6":{"start":{"line":48,"column":3},"end":{"line":48,"column":33}},"7":{"start":{"line":49,"column":3},"end":{"line":49,"column":16}},"8":{"start":{"line":50,"column":3},"end":{"line":50,"column":21}},"9":{"start":{"line":51,"column":3},"end":{"line":51,"column":27}},"10":{"start":{"line":52,"column":3},"end":{"line":52,"column":21}},"11":{"start":{"line":53,"column":3},"end":{"line":53,"column":32}},"12":{"start":{"line":54,"column":3},"end":{"line":54,"column":123}},"13":{"start":{"line":55,"column":3},"end":{"line":55,"column":16}},"14":{"start":{"line":56,"column":3},"end":{"line":56,"column":24}},"15":{"start":{"line":57,"column":3},"end":{"line":57,"column":48}},"16":{"start":{"line":58,"column":3},"end":{"line":58,"column":16}},"17":{"start":{"line":59,"column":3},"end":{"line":59,"column":21}},"18":{"start":{"line":60,"column":3},"end":{"line":60,"column":263}},"19":{"start":{"line":61,"column":3},"end":{"line":61,"column":17}},"20":{"start":{"line":62,"column":3},"end":{"line":62,"column":21}},"21":{"start":{"line":63,"column":3},"end":{"line":63,"column":22}},"22":{"start":{"line":64,"column":3},"end":{"line":64,"column":21}},"23":{"start":{"line":65,"column":3},"end":{"line":65,"column":30}},"24":{"start":{"line":66,"column":3},"end":{"line":66,"column":123}},"25":{"start":{"line":67,"column":3},"end":{"line":67,"column":30}},"26":{"start":{"line":68,"column":3},"end":{"line":68,"column":41}},"27":{"start":{"line":69,"column":3},"end":{"line":69,"column":45}},"28":{"start":{"line":70,"column":3},"end":{"line":70,"column":38}},"29":{"start":{"line":71,"column":3},"end":{"line":71,"column":37}},"30":{"start":{"line":72,"column":3},"end":{"line":72,"column":50}},"31":{"start":{"line":73,"column":3},"end":{"line":73,"column":38}},"32":{"start":{"line":74,"column":3},"end":{"line":74,"column":37}},"33":{"start":{"line":75,"column":3},"end":{"line":75,"column":39}},"34":{"start":{"line":76,"column":3},"end":{"line":76,"column":38}},"35":{"start":{"line":77,"column":3},"end":{"line":77,"column":36}},"36":{"start":{"line":78,"column":3},"end":{"line":78,"column":38}},"37":{"start":{"line":79,"column":3},"end":{"line":79,"column":38}},"38":{"start":{"line":80,"column":3},"end":{"line":80,"column":41}},"39":{"start":{"line":81,"column":3},"end":{"line":81,"column":38}},"40":{"start":{"line":84,"column":3},"end":{"line":84,"column":114}},"41":{"start":{"line":87,"column":3},"end":{"line":87,"column":35}},"42":{"start":{"line":88,"column":3},"end":{"line":88,"column":34}},"43":{"start":{"line":89,"column":3},"end":{"line":89,"column":35}},"44":{"start":{"line":90,"column":3},"end":{"line":90,"column":23}},"45":{"start":{"line":91,"column":3},"end":{"line":91,"column":23}},"46":{"start":{"line":92,"column":3},"end":{"line":92,"column":23}},"47":{"start":{"line":93,"column":3},"end":{"line":93,"column":22}},"48":{"start":{"line":94,"column":3},"end":{"line":94,"column":22}},"49":{"start":{"line":95,"column":3},"end":{"line":95,"column":22}},"50":{"start":{"line":96,"column":3},"end":{"line":96,"column":23}},"51":{"start":{"line":97,"column":3},"end":{"line":97,"column":24}},"52":{"start":{"line":98,"column":3},"end":{"line":98,"column":23}},"53":{"start":{"line":99,"column":3},"end":{"line":99,"column":23}},"54":{"start":{"line":100,"column":3},"end":{"line":100,"column":24}},"55":{"start":{"line":101,"column":3},"end":{"line":101,"column":23}},"56":{"start":{"line":102,"column":3},"end":{"line":102,"column":23}},"57":{"start":{"line":103,"column":3},"end":{"line":103,"column":22}},"58":{"start":{"line":104,"column":3},"end":{"line":104,"column":23}},"59":{"start":{"line":110,"column":3},"end":{"line":113,"column":4}},"60":{"start":{"line":111,"column":4},"end":{"line":111,"column":19}},"61":{"start":{"line":112,"column":4},"end":{"line":112,"column":20}},"62":{"start":{"line":115,"column":3},"end":{"line":115,"column":20}},"63":{"start":{"line":119,"column":1},"end":{"line":125,"column":4}},"64":{"start":{"line":127,"column":1},"end":{"line":127,"column":14}},"65":{"start":{"line":131,"column":40},"end":{"line":131,"column":47}},"66":{"start":{"line":132,"column":1},"end":{"line":132,"column":35}},"67":{"start":{"line":133,"column":24},"end":{"line":133,"column":26}},"68":{"start":{"line":135,"column":1},"end":{"line":137,"column":4}},"69":{"start":{"line":136,"column":2},"end":{"line":136,"column":145}},"70":{"start":{"line":136,"column":83},"end":{"line":136,"column":145}},"71":{"start":{"line":139,"column":1},"end":{"line":139,"column":11}},"72":{"start":{"line":144,"column":2},"end":{"line":144,"column":17}},"73":{"start":{"line":145,"column":2},"end":{"line":145,"column":69}},"74":{"start":{"line":147,"column":2},"end":{"line":152,"column":5}}},"fnMap":{"0":{"name":"create_fragment","decl":{"start":{"line":22,"column":9},"end":{"line":22,"column":24}},"loc":{"start":{"line":22,"column":30},"end":{"line":128,"column":1}},"line":22},"1":{"name":"create","decl":{"start":{"line":43,"column":14},"end":{"line":43,"column":20}},"loc":{"start":{"line":43,"column":23},"end":{"line":82,"column":3}},"line":43},"2":{"name":"claim","decl":{"start":{"line":83,"column":14},"end":{"line":83,"column":19}},"loc":{"start":{"line":83,"column":27},"end":{"line":85,"column":3}},"line":83},"3":{"name":"mount","decl":{"start":{"line":86,"column":14},"end":{"line":86,"column":19}},"loc":{"start":{"line":86,"column":36},"end":{"line":105,"column":3}},"line":86},"4":{"name":"destroy","decl":{"start":{"line":109,"column":14},"end":{"line":109,"column":21}},"loc":{"start":{"line":109,"column":33},"end":{"line":116,"column":3}},"line":109},"5":{"name":"instance","decl":{"start":{"line":130,"column":9},"end":{"line":130,"column":17}},"loc":{"start":{"line":130,"column":35},"end":{"line":140,"column":1}},"line":130},"6":{"name":"(anonymous_6)","decl":{"start":{"line":135,"column":30},"end":{"line":135,"column":31}},"loc":{"start":{"line":135,"column":37},"end":{"line":137,"column":2}},"line":135},"7":{"name":"(anonymous_7)","decl":{"start":{"line":143,"column":1},"end":{"line":143,"column":2}},"loc":{"start":{"line":143,"column":22},"end":{"line":153,"column":2}},"line":143}},"branchMap":{"0":{"loc":{"start":{"line":110,"column":3},"end":{"line":113,"column":4}},"type":"if","locations":[{"start":{"line":110,"column":3},"end":{"line":113,"column":4}},{"start":{},"end":{}}],"line":110},"1":{"loc":{"start":{"line":131,"column":16},"end":{"line":131,"column":26}},"type":"default-arg","locations":[{"start":{"line":131,"column":24},"end":{"line":131,"column":26}}],"line":131},"2":{"loc":{"start":{"line":136,"column":2},"end":{"line":136,"column":145}},"type":"if","locations":[{"start":{"line":136,"column":2},"end":{"line":136,"column":145}},{"start":{},"end":{}}],"line":136},"3":{"loc":{"start":{"line":136,"column":6},"end":{"line":136,"column":81}},"type":"binary-expr","locations":[{"start":{"line":136,"column":6},"end":{"line":136,"column":35}},{"start":{"line":136,"column":39},"end":{"line":136,"column":63}},{"start":{"line":136,"column":67},"end":{"line":136,"column":81}}],"line":136}},"s":{"0":0,"1":0,"2":0,"3":0,"4":0,"5":0,"6":0,"7":0,"8":0,"9":0,"10":0,"11":0,"12":0,"13":0,"14":0,"15":0,"16":0,"17":0,"18":0,"19":0,"20":0,"21":0,"22":0,"23":0,"24":0,"25":0,"26":0,"27":0,"28":0,"29":0,"30":0,"31":0,"32":0,"33":0,"34":0,"35":0,"36":0,"37":0,"38":0,"39":0,"40":0,"41":0,"42":0,"43":0,"44":0,"45":0,"46":0,"47":0,"48":0,"49":0,"50":0,"51":0,"52":0,"53":0,"54":0,"55":0,"56":0,"57":0,"58":0,"59":0,"60":0,"61":0,"62":0,"63":0,"64":0,"65":0,"66":0,"67":0,"68":0,"69":0,"70":0,"71":0,"72":0,"73":0,"74":0},"f":{"0":0,"1":0,"2":0,"3":0,"4":0,"5":0,"6":0,"7":0},"b":{"0":[0,0],"1":[0],"2":[0,0],"3":[0,0,0]},"inputSourceMap":{"0":"{","1":"\"","2":"v","3":"e","4":"r","5":"s","6":"i","7":"o","8":"n","9":"\"","10":":","11":"3","12":",","13":"\"","14":"n","15":"a","16":"m","17":"e","18":"s","19":"\"","20":":","21":"[","22":"]","23":",","24":"\"","25":"s","26":"o","27":"u","28":"r","29":"c","30":"e","31":"s","32":"\"","33":":","34":"[","35":"\"","36":"+","37":"p","38":"a","39":"g","40":"e","41":".","42":"s","43":"v","44":"e","45":"l","46":"t","47":"e","48":"\"","49":"]","50":",","51":"\"","52":"s","53":"o","54":"u","55":"r","56":"c","57":"e","58":"s","59":"C","60":"o","61":"n","62":"t","63":"e","64":"n","65":"t","66":"\"","67":":","68":"[","69":"\"","70":"<","71":"s","72":"v","73":"e","74":"l","75":"t","76":"e","77":":","78":"h","79":"e","80":"a","81":"d","82":">","83":"\\","84":"n","85":"\\","86":"t","87":"<","88":"t","89":"i","90":"t","91":"l","92":"e","93":">","94":"C","95":"u","96":"r","97":"r","98":"e","99":"n","100":"t","101":"<","102":"/","103":"t","104":"i","105":"t","106":"l","107":"e","108":">","109":"\\","110":"n","111":"\\","112":"t","113":"<","114":"m","115":"e","116":"t","117":"a","118":" ","119":"n","120":"a","121":"m","122":"e","123":"=","124":"\\","125":"\"","126":"d","127":"e","128":"s","129":"c","130":"r","131":"i","132":"p","133":"t","134":"i","135":"o","136":"n","137":"\\","138":"\"","139":" ","140":"c","141":"o","142":"n","143":"t","144":"e","145":"n","146":"t","147":"=","148":"\\","149":"\"","150":"C","151":"u","152":"r","153":"r","154":"e","155":"n","156":"t","157":" ","158":"p","159":"a","160":"g","161":"e","162":"\\","163":"\"","164":" ","165":"/","166":">","167":"\\","168":"n","169":"<","170":"/","171":"s","172":"v","173":"e","174":"l","175":"t","176":"e","177":":","178":"h","179":"e","180":"a","181":"d","182":">","183":"\\","184":"n","185":"\\","186":"n","187":"<","188":"d","189":"i","190":"v","191":" ","192":"c","193":"l","194":"a","195":"s","196":"s","197":"=","198":"\\","199":"\"","200":"t","201":"e","202":"x","203":"t","204":"-","205":"c","206":"o","207":"l","208":"u","209":"m","210":"n","211":"\\","212":"\"","213":">","214":"\\","215":"n","216":"\\","217":"t","218":"<","219":"h","220":"1","221":">","222":"C","223":" ","224":"t","225":"h","226":"i","227":"s","228":" ","229":"a","230":"p","231":"p","232":"<","233":"/","234":"h","235":"1","236":">","237":"\\","238":"n","239":"\\","240":"n","241":"\\","242":"t","243":"<","244":"p","245":">","246":"\\","247":"n","248":"\\","249":"t","250":"\\","251":"t","252":"T","253":"h","254":"i","255":"s","256":" ","257":"i","258":"s","259":" ","260":"a","261":" ","262":"<","263":"a","264":" ","265":"h","266":"r","267":"e","268":"f","269":"=","270":"\\","271":"\"","272":"h","273":"t","274":"t","275":"p","276":"s","277":":","278":"/","279":"/","280":"k","281":"i","282":"t","283":".","284":"s","285":"v","286":"e","287":"l","288":"t","289":"e","290":".","291":"d","292":"e","293":"v","294":"\\","295":"\"","296":">","297":"S","298":"v","299":"e","300":"l","301":"t","302":"e","303":"K","304":"i","305":"t","306":"<","307":"/","308":"a","309":">","310":" ","311":"a","312":"p","313":"p","314":".","315":" ","316":"Y","317":"o","318":"u","319":" ","320":"c","321":"a","322":"n","323":" ","324":"m","325":"a","326":"k","327":"e","328":" ","329":"y","330":"o","331":"u","332":"r","333":" ","334":"o","335":"w","336":"n","337":" ","338":"b","339":"y","340":" ","341":"t","342":"y","343":"p","344":"i","345":"n","346":"g","347":" ","348":"t","349":"h","350":"e","351":"\\","352":"n","353":"\\","354":"t","355":"\\","356":"t","357":"f","358":"o","359":"l","360":"l","361":"o","362":"w","363":"i","364":"n","365":"g","366":" ","367":"i","368":"n","369":"t","370":"o","371":" ","372":"y","373":"o","374":"u","375":"r","376":" ","377":"c","378":"o","379":"m","380":"m","381":"a","382":"n","383":"d","384":" ","385":"l","386":"i","387":"n","388":"e","389":" ","390":"a","391":"n","392":"d","393":" ","394":"f","395":"o","396":"l","397":"l","398":"o","399":"w","400":"i","401":"n","402":"g","403":" ","404":"t","405":"h","406":"e","407":" ","408":"p","409":"r","410":"o","411":"m","412":"p","413":"t","414":"s","415":":","416":"\\","417":"n","418":"\\","419":"t","420":"<","421":"/","422":"p","423":">","424":"\\","425":"n","426":"\\","427":"n","428":"\\","429":"t","430":"<","431":"p","432":"r","433":"e","434":">","435":"n","436":"p","437":"m","438":" ","439":"c","440":"r","441":"e","442":"a","443":"t","444":"e","445":" ","446":"s","447":"v","448":"e","449":"l","450":"t","451":"e","452":"@","453":"l","454":"a","455":"t","456":"e","457":"s","458":"t","459":"<","460":"/","461":"p","462":"r","463":"e","464":">","465":"\\","466":"n","467":"\\","468":"n","469":"\\","470":"t","471":"<","472":"p","473":">","474":"\\","475":"n","476":"\\","477":"t","478":"\\","479":"t","480":"T","481":"h","482":"e","483":" ","484":"p","485":"a","486":"g","487":"e","488":" ","489":"y","490":"o","491":"u","492":"'","493":"r","494":"e","495":" ","496":"l","497":"o","498":"o","499":"k","500":"i","501":"n","502":"g","503":" ","504":"a","505":"t","506":" ","507":"i","508":"s","509":" ","510":"p","511":"u","512":"r","513":"e","514":"l","515":"y","516":" ","517":"s","518":"t","519":"a","520":"t","521":"i","522":"c","523":" ","524":"H","525":"T","526":"M","527":"L","528":",","529":" ","530":"w","531":"i","532":"t","533":"h","534":" ","535":"n","536":"o","537":" ","538":"c","539":"l","540":"i","541":"e","542":"n","543":"t","544":"-","545":"s","546":"i","547":"d","548":"e","549":" ","550":"i","551":"n","552":"t","553":"e","554":"r","555":"a","556":"c","557":"t","558":"i","559":"v","560":"i","561":"t","562":"y","563":" ","564":"n","565":"e","566":"e","567":"d","568":"e","569":"d","570":".","571":"\\","572":"n","573":"\\","574":"t","575":"\\","576":"t","577":"B","578":"e","579":"c","580":"a","581":"u","582":"s","583":"e","584":" "
[...]
"<","339":"/","340":"h","341":"1","342":">","343":"\\","344":"n","345":"\\","346":"n","347":"\\","348":"t","349":"<","350":"p","351":">","352":"\\","353":"n","354":"\\","355":"t","356":"\\","357":"t","358":"T","359":"h","360":"i","361":"s","362":" ","363":"i","364":"s","365":" ","366":"a","367":" ","368":"<","369":"a","370":" ","371":"h","372":"r","373":"e","374":"f","375":"=","376":"\\","377":"\"","378":"h","379":"t","380":"t","381":"p","382":"s","383":":","384":"/","385":"/","386":"k","387":"i","388":"t","389":".","390":"s","391":"v","392":"e","393":"l","394":"t","395":"e","396":".","397":"d","398":"e","399":"v","400":"\\","401":"\"","402":">","403":"S","404":"v","405":"e","406":"l","407":"t","408":"e","409":"K","410":"i","411":"t","412":"<","413":"/","414":"a","415":">","416":" ","417":"a","418":"p","419":"p","420":".","421":" ","422":"Y","423":"o","424":"u","425":" ","426":"c","427":"a","428":"n","429":" ","430":"m","431":"a","432":"k","433":"e","434":" ","435":"y","436":"o","437":"u","438":"r","439":" ","440":"o","441":"w","442":"n","443":" ","444":"b","445":"y","446":" ","447":"t","448":"y","449":"p","450":"i","451":"n","452":"g","453":" ","454":"t","455":"h","456":"e","457":"\\","458":"n","459":"\\","460":"t","461":"\\","462":"t","463":"f","464":"o","465":"l","466":"l","467":"o","468":"w","469":"i","470":"n","471":"g","472":" ","473":"i","474":"n","475":"t","476":"o","477":" ","478":"y","479":"o","480":"u","481":"r","482":" ","483":"c","484":"o","485":"m","486":"m","487":"a","488":"n","489":"d","490":" ","491":"l","492":"i","493":"n","494":"e","495":" ","496":"a","497":"n","498":"d","499":" ","500":"f","501":"o","502":"l","503":"l","504":"o","505":"w","506":"i","507":"n","508":"g","509":" ","510":"t","511":"h","512":"e","513":" ","514":"p","515":"r","516":"o","517":"m","518":"p","519":"t","520":"s","521":":","522":"\\","523":"n","524":"\\","525":"t","526":"<","527":"/","528":"p","529":">","530":"\\","531":"n","532":"\\","533":"n","534":"\\","535":"t","536":"<","537":"p","538":"r","539":"e","540":">","541":"n","542":"p","543":"m","544":" ","545":"c","546":"r","547":"e","548":"a","549":"t","550":"e","551":" ","552":"s","553":"v","554":"e","555":"l","556":"t","557":"e","558":"@","559":"l","560":"a","561":"t","562":"e","563":"s","564":"t","565":"<","566":"/","567":"p","568":"r","569":"e","570":">","571":"\\","572":"n","573":"\\","574":"n","575":"\\","576":"t","577":"<","578":"p","579":">","580":"\\","581":"n","582":"\\","583":"t","584":"\\","585":"t","586":"T","587":"h","588":"e","589":" ","590":"p","591":"a","592":"g","593":"e","594":" ","595":"y","596":"o","597":"u","598":"'","599":"r","600":"e","601":" ","602":"l","603":"o","604":"o","605":"k","606":"i","607":"n","608":"g","609":" ","610":"a","611":"t","612":" ","613":"i","614":"s","615":" ","616":"p","617":"u","618":"r","619":"e","620":"l","621":"y","622":" ","623":"s","624":"t","625":"a","626":"t","627":"i","628":"c","629":" ","630":"H","631":"T","632":"M","633":"L","634":",","635":" ","636":"w","637":"i","638":"t","639":"h","640":" ","641":"n","642":"o","643":" ","644":"c","645":"l","646":"i","647":"e","648":"n","649":"t","650":"-","651":"s","652":"i","653":"d","654":"e","655":" ","656":"i","657":"n","658":"t","659":"e","660":"r","661":"a","662":"c","663":"t","664":"i","665":"v","666":"i","667":"t","668":"y","669":" ","670":"n","671":"e","672":"e","673":"d","674":"e","675":"d","676":".","677":"\\","678":"n","679":"\\","680":"t","681":"\\","682":"t","683":"B","684":"e","685":"c","686":"a","687":"u","688":"s","689":"e","690":" ","691":"o","692":"f","693":" ","694":"t","695":"h","696":"a","697":"t","698":",","699":" ","700":"w","701":"e","702":" ","703":"d","704":"o","705":"n","706":"'","707":"t","708":" ","709":"n","710":"e","711":"e","712":"d","713":" ","714":"t","715":"o","716":" ","717":"l","718":"o","719":"a","720":"d","721":" ","722":"a","723":"n","724":"y","725":" ","726":"J","727":"a","728":"v","729":"a","730":"S","731":"c","732":"r","733":"i","734":"p","735":"t","736":".","737":" ","738":"T","739":"r","740":"y","741":" ","742":"v","743":"i","744":"e","745":"w","746":"i","747":"n","748":"g","749":" ","750":"t","751":"h","752":"e","753":" ","754":"p","755":"a","756":"g","757":"e","758":"'","759":"s","760":" ","761":"s","762":"o","763":"u","764":"r","765":"c","766":"e","767":",","768":" ","769":"o","770":"r","771":" ","772":"o","773":"p","774":"e","775":"n","776":"i","777":"n","778":"g","779":"\\","780":"n","781":"\\","782":"t","783":"\\","784":"t","785":"t","786":"h","787":"e","788":" ","789":"d","790":"e","791":"v","792":"t","793":"o","794":"o","795":"l","796":"s","797":" ","798":"n","799":"e","800":"t","801":"w","802":"o","803":"r","804":"k","805":" ","806":"p","807":"a","808":"n","809":"e","810":"l","811":" ","812":"a","813":"n","814":"d","815":" ","816":"r","817":"e","818":"l","819":"o","820":"a","821":"d","822":"i","823":"n","824":"g","825":".","826":"\\","827":"n","828":"\\","829":"t","830":"<","831":"/","832":"p","833":">","834":"\\","835":"n","836":"\\","837":"n","838":"\\","839":"t","840":"<","841":"p","842":">","843":"\\","844":"n","845":"\\","846":"t","847":"\\","848":"t","849":"T","850":"h","851":"e","852":" ","853":"<","854":"a","855":" ","856":"h","857":"r","858":"e","859":"f","860":"=","861":"\\","862":"\"","863":"/","864":"s","865":"v","866":"e","867":"r","868":"d","869":"l","870":"e","871":"\\","872":"\"","873":">","874":"S","875":"v","876":"e","877":"r","878":"d","879":"l","880":"e","881":"<","882":"/","883":"a","884":">","885":" ","886":"p","887":"a","888":"g","889":"e","890":" ","891":"i","892":"l","893":"l","894":"u","895":"s","896":"t","897":"r","898":"a","899":"t","900":"e","901":"s","902":" ","903":"S","904":"v","905":"e","906":"l","907":"t","908":"e","909":"K","910":"i","911":"t","912":"'","913":"s","914":" ","915":"d","916":"a","917":"t","918":"a","919":" ","920":"l","921":"o","922":"a","923":"d","924":"i","925":"n","926":"g","927":" ","928":"a","929":"n","930":"d","931":" ","932":"f","933":"o","934":"r","935":"m","936":" ","937":"h","938":"a","939":"n","940":"d","941":"l","942":"i","943":"n","944":"g","945":".","946":" ","947":"T","948":"r","949":"y","950":"\\","951":"n","952":"\\","953":"t","954":"\\","955":"t","956":"u","957":"s","958":"i","959":"n","960":"g","961":" ","962":"i","963":"t","964":" ","965":"w","966":"i","967":"t","968":"h","969":" ","970":"J","971":"a","972":"v","973":"a","974":"S","975":"c","976":"r","977":"i","978":"p","979":"t","980":" ","981":"d","982":"i","983":"s","984":"a","985":"b","986":"l","987":"e","988":"d","989":"!","990":"\\","991":"n","992":"\\","993":"t","994":"<","995":"/","996":"p","997":">","998":"\\","999":"n","1000":"<","1001":"/","1002":"d","1003":"i","1004":"v","1005":">","1006":"\\","1007":"n","1008":"\"","1009":"]","1010":",","1011":"\"","1012":"m","1013":"a","1014":"p","1015":"p","1016":"i","1017":"n","1018":"g","1019":"s","1020":"\"","1021":":","1022":"\"","1023":";","1024":";","1025":";","1026":";","1027":";","1028":";","1029":";","1030":";","1031":";","1032":";","1033":";","1034":";","1035":";","1036":";","1037":";","1038":";","1039":";","1040":";","1041":";","1042":";","1043":";","1044":";","1045":";","1046":";","1047":"O","1048":"A","1049":"M","1050":"Q","1051":",","1052":"M","1053":"A","1054":"A","1055":"M","1056":",","1057":"M","1058":"A","1059":"A","1060":"M","1061":",","1062":"u","1063":"B","1064":"A","1065":"A","1066":"u","1067":"B","1068":";","1069":";","1070":";","1071":";","1072":";","1073":";","1074":";","1075":";","1076":";","1077":";","1078":";","1079":";","1080":";","1081":";","1082":";","1083":";","1084":";","1085":";","1086":";","1087":";","1088":";","1089":";","1090":";","1091":";","1092":";","1093":";","1094":";","1095":";","1096":";","1097":";","1098":";","1099":";","1100":";","1101":";","1102":";","1103":";","1104":";","1105":";","1106":";","1107":";","1108":";","1109":";","1110":"a","1111":"A","1112":"Q","1113":"v","1114":"C","1115":",","1116":"Y","1117":"A","1118":"C","1119":"Q","1120":";","1121":";","1122":";","1123":"a","1124":"A","1125":"A","1126":"8","1127":"C","1128":",","1129":"4","1130":"G","1131":"A","1132":"E","1133":"z","1134":"D","1135":";","1136":";","1137":";","1138":";","1139":";","1140":";","1141":";","1142":";","1143":";","1144":"c","1145":"A","1146":"U","1147":"G","1148":",","1149":"M","1150":"A","1151":"C","1152":"E","1153":";","1154":";","1155":";","1156":"c","1157":"A","1158":"A","1159":"8","1160":"B","1161":",","1162":"2","1163":"G","1164":"A","1165":"E","1166":"n","1167":"C","1168":";","1169":";","1170":";","1171":";","1172":";","1173":";","1174":";","1175":";","1176":";","1177":";","1178":";","1179":";","1180":";","1181":";","1182":";","1183":";","1184":";","1185":";","1186":";","1187":";","1188":";","1189":"G","1190":"A","1191":"5","1192":"B","1193":"A","1194":",","1195":"U","1196":"A","1197":"A","1198":"o","1199":"D","1200":";","1201":";","1202":";","1203":";","1204":"G","1205":"A","1206":"S","1207":"r","1208":"D","1209":",","1210":"U","1211":"A","1212":"o","1213":"B","1214":"M","1215":";","1216":"G","1217":"A","1218":"n","1219":"B","1220":"L","1221":",","1222":"U","1223":"A","1224":"A","1225":"u","1226":"B","1227":";","1228":";","1229":"G","1230":"A","1231":"E","1232":"v","1233":"B","1234":",","1235":"U","1236":"A","1237":"G","1238":"I","1239":";","1240":";","1241":"G","1242":"A","1243":"F","1244":"O","1245":",","1246":"U","1247":"A","1248":"A","1249":"8","1250":"C","1251":";","1252":";","1253":";","1254":"G","1255":"A","1256":"I","1257":"z","1258":"D","1259":",","1260":"U","1261":"A","1262":"A","1263":"m","1264":"C","1265":";","1266":";","1267":"G","1268":"A","1269":"E","1270":"n","1271":"C","1272":",","1273":"U","1274":"A","1275":"I","1276":"I","1277":";","1278":";","1279":"G","1280":"A","1281":"E","1282":"J","1283":",","1284":"U","1285":"A","1286":"G","1287":"I","1288":";","1289":";","1290":"G","1291":"A","1292":"F","1293":"C","1294":",","1295":"U","1296":"A","1297":"A","1298":"8","1299":"B","1300":";","1301":";","1302":";","1303":";","1304":";","1305":";","1306":";","1307":";","1308":";","1309":";","1310":";","1311":";","1312":";","1313":";","1314":";","1315":";","1316":";","1317":";","1318":";","1319":";","1320":";","1321":";","1322":";","1323":";","1324":";","1325":";","1326":";","1327":";","1328":";","1329":";","1330":";","1331":";","1332":";","1333":";","1334":";","1335":";","1336":";","1337":";","1338":";","1339":";","1340":";","1341":";","1342":";","1343":";","1344":";","1345":";","1346":";","1347":";","1348":";","1349":";","1350":";","1351":";","1352":";","1353":";","1354":";","1355":";","1356":";","1357":";","1358":";","1359":";","1360":";","1361":";","1362":";","1363":";","1364":"\"","1365":"}"}}
,"/Users/xo/cours/svelte/voteSvelte/src/routes/new/+page.ts": {"path":"/Users/xo/cours/svelte/voteSvelte/src/routes/new/+page.ts","statementMap":{"0":{"start":{"line":5,"column":19},"end":{"line":5,"column":22}},"1":{"start":{"line":9,"column":25},"end":{"line":9,"column":29}}},"fnMap":{},"branchMap":{},"s":{"0":0,"1":0},"f":{},"b":{},"inputSourceMap":null}
,"/Users/xo/cours/svelte/voteSvelte/src/routes/todo/page.ts": {"path":"/Users/xo/cours/svelte/voteSvelte/src/routes/todo/page.ts","statementMap":{},"fnMap":{},"branchMap":{},"s":{},"f":{},"b":{},"inputSourceMap":null}
,"/Users/xo/cours/svelte/voteSvelte/src/routes/vote/+page.svelte": {"path":"/Users/xo/cours/svelte/voteSvelte/src/routes/vote/+page.svelte","statementMap":{"0":{"start":{"line":12,"column":13},"end":{"line":12,"column":27}},"1":{"start":{"line":15,"column":15},"end":{"line":25,"column":2}},"2":{"start":{"line":18,"column":3},"end":{"line":18,"column":114}},"3":{"start":{"line":27,"column":1},"end":{"line":33,"column":4}},"4":{"start":{"line":35,"column":1},"end":{"line":35,"column":14}},"5":{"start":{"line":39,"column":40},"end":{"line":39,"column":47}},"6":{"start":{"line":40,"column":1},"end":{"line":40,"column":35}},"7":{"start":{"line":41,"column":24},"end":{"line":41,"column":26}},"8":{"start":{"line":43,"column":1},"end":{"line":45,"column":4}},"9":{"start":{"line":44,"column":2},"end":{"line":44,"column":145}},"10":{"start":{"line":44,"column":83},"end":{"line":44,"column":145}},"11":{"start":{"line":47,"column":1},"end":{"line":47,"column":11}},"12":{"start":{"line":52,"column":2},"end":{"line":52,"column":17}},"13":{"start":{"line":53,"column":2},"end":{"line":53,"column":69}},"14":{"start":{"line":55,"column":2},"end":{"line":60,"column":5}}},"fnMap":{"0":{"name":"create_fragment","decl":{"start":{"line":14,"column":9},"end":{"line":14,"column":24}},"loc":{"start":{"line":14,"column":30},"end":{"line":36,"column":1}},"line":14},"1":{"name":"claim","decl":{"start":{"line":17,"column":14},"end":{"line":17,"column":19}},"loc":{"start":{"line":17,"column":27},"end":{"line":19,"column":3}},"line":17},"2":{"name":"instance","decl":{"start":{"line":38,"column":9},"end":{"line":38,"column":17}},"loc":{"start":{"line":38,"column":35},"end":{"line":48,"column":1}},"line":38},"3":{"name":"(anonymous_3)","decl":{"start":{"line":43,"column":30},"end":{"line":43,"column":31}},"loc":{"start":{"line":43,"column":37},"end":{"line":45,"column":2}},"line":43},"4":{"name":"(anonymous_4)","decl":{"start":{"line":51,"column":1},"end":{"line":51,"column":2}},"loc":{"start":{"line":51,"column":22},"end":{"line":61,"column":2}},"line":51}},"branchMap":{"0":{"loc":{"start":{"line":39,"column":16},"end":{"line":39,"column":26}},"type":"default-arg","locations":[{"start":{"line":39,"column":24},"end":{"line":39,"column":26}}],"line":39},"1":{"loc":{"start":{"line":44,"column":2},"end":{"line":44,"column":145}},"type":"if","locations":[{"start":{"line":44,"column":2},"end":{"line":44,"column":145}},{"start":{},"end":{}}],"line":44},"2":{"loc":{"start":{"line":44,"column":6},"end":{"line":44,"column":81}},"type":"binary-expr","locations":[{"start":{"line":44,"column":6},"end":{"line":44,"column":35}},{"start":{"line":44,"column":39},"end":{"line":44,"column":63}},{"start":{"line":44,"column":67},"end":{"line":44,"column":81}}],"line":44}},"s":{"0":0,"1":0,"2":0,"3":0,"4":0,"5":0,"6":0,"7":0,"8":0,"9":0,"10":0,"11":0,"12":0,"13":0,"14":0},"f":{"0":0,"1":0,"2":0,"3":0,"4":0},"b":{"0":[0],"1":[0,0],"2":[0,0,0]},"inputSourceMap":{"0":"{","1":"\"","2":"v","3":"e","4":"r","5":"s","6":"i","7":"o","8":"n","9":"\"","10":":","11":"3","12":",","13":"\"","14":"n","15":"a","16":"m","17":"e","18":"s","19":"\"","20":":","21":"[","22":"]","23":",","24":"\"","25":"s","26":"o","27":"u","28":"r","29":"c","30":"e","31":"s","32":"\"","33":":","34":"[","35":"\"","36":"+","37":"p","38":"a","39":"g","40":"e","41":".","42":"s","43":"v","44":"e","45":"l","46":"t","47":"e","48":"\"","49":"]","50":",","51":"\"","52":"s","53":"o","54":"u","55":"r","56":"c","57":"e","58":"s","59":"C","60":"o","61":"n","62":"t","63":"e","64":"n","65":"t","66":"\"","67":":","68":"[","69":"\"","70":"\"","71":"]","72":",","73":"\"","74":"m","75":"a","76":"p","77":"p","78":"i","79":"n","80":"g","81":"s","82":"\"","83":":","84":"\"","85":";","86":";","87":";","88":";","89":";","90":";","91":";","92":";","93":";","94":";","95":";","96":";","97":";","98":";","99":";","100":";","101":";","102":";","103":";","104":";","105":";","106":";","107":";","108":";","109":";","110":";","111":";","112":";","113":";","114":";","115":";","116":";","117":";","118":";","119":";","120":";","121":";","122":";","123":";","124":";","125":";","126":";","127":";","128":";","129":";","130":";","131":";","132":";","133":";","134":";","135":";","136":";","137":";","138":";","139":";","140":";","141":";","142":";","143":";","144":";","145":";","146":";","147":";","148":"\"","149":"}"}}
,"/Users/xo/cours/svelte/voteSvelte/src/routes/vote/Card.svelte": {"path":"/Users/xo/cours/svelte/voteSvelte/src/routes/vote/Card.svelte","statementMap":{"0":{"start":{"line":12,"column":13},"end":{"line":12,"column":26}},"1":{"start":{"line":15,"column":15},"end":{"line":25,"column":2}},"2":{"start":{"line":18,"column":3},"end":{"line":18,"column":114}},"3":{"start":{"line":27,"column":1},"end":{"line":33,"column":4}},"4":{"start":{"line":35,"column":1},"end":{"line":35,"column":14}},"5":{"start":{"line":39,"column":40},"end":{"line":39,"column":47}},"6":{"start":{"line":40,"column":1},"end":{"line":40,"column":35}},"7":{"start":{"line":41,"column":24},"end":{"line":41,"column":26}},"8":{"start":{"line":43,"column":1},"end":{"line":45,"column":4}},"9":{"start":{"line":44,"column":2},"end":{"line":44,"column":145}},"10":{"start":{"line":44,"column":83},"end":{"line":44,"column":145}},"11":{"start":{"line":47,"column":1},"end":{"line":47,"column":11}},"12":{"start":{"line":52,"column":2},"end":{"line":52,"column":17}},"13":{"start":{"line":53,"column":2},"end":{"line":53,"column":69}},"14":{"start":{"line":55,"column":2},"end":{"line":60,"column":5}}},"fnMap":{"0":{"name":"create_fragment","decl":{"start":{"line":14,"column":9},"end":{"line":14,"column":24}},"loc":{"start":{"line":14,"column":30},"end":{"line":36,"column":1}},"line":14},"1":{"name":"claim","decl":{"start":{"line":17,"column":14},"end":{"line":17,"column":19}},"loc":{"start":{"line":17,"column":27},"end":{"line":19,"column":3}},"line":17},"2":{"name":"instance","decl":{"start":{"line":38,"column":9},"end":{"line":38,"column":17}},"loc":{"start":{"line":38,"column":35},"end":{"line":48,"column":1}},"line":38},"3":{"name":"(anonymous_3)","decl":{"start":{"line":43,"column":30},"end":{"line":43,"column":31}},"loc":{"start":{"line":43,"column":37},"end":{"line":45,"column":2}},"line":43},"4":{"name":"(anonymous_4)","decl":{"start":{"line":51,"column":1},"end":{"line":51,"column":2}},"loc":{"start":{"line":51,"column":22},"end":{"line":61,"column":2}},"line":51}},"branchMap":{"0":{"loc":{"start":{"line":39,"column":16},"end":{"line":39,"column":26}},"type":"default-arg","locations":[{"start":{"line":39,"column":24},"end":{"line":39,"column":26}}],"line":39},"1":{"loc":{"start":{"line":44,"column":2},"end":{"line":44,"column":145}},"type":"if","locations":[{"start":{"line":44,"column":2},"end":{"line":44,"column":145}},{"start":{},"end":{}}],"line":44},"2":{"loc":{"start":{"line":44,"column":6},"end":{"line":44,"column":81}},"type":"binary-expr","locations":[{"start":{"line":44,"column":6},"end":{"line":44,"column":35}},{"start":{"line":44,"column":39},"end":{"line":44,"column":63}},{"start":{"line":44,"column":67},"end":{"line":44,"column":81}}],"line":44}},"s":{"0":0,"1":0,"2":0,"3":0,"4":0,"5":0,"6":0,"7":0,"8":0,"9":0,"10":0,"11":0,"12":0,"13":0,"14":0},"f":{"0":0,"1":0,"2":0,"3":0,"4":0},"b":{"0":[0],"1":[0,0],"2":[0,0,0]},"inputSourceMap":{"0":"{","1":"\"","2":"v","3":"e","4":"r","5":"s","6":"i","7":"o","8":"n","9":"\"","10":":","11":"3","12":",","13":"\"","14":"n","15":"a","16":"m","17":"e","18":"s","19":"\"","20":":","21":"[","22":"]","23":",","24":"\"","25":"s","26":"o","27":"u","28":"r","29":"c","30":"e","31":"s","32":"\"","33":":","34":"[","35":"\"","36":"C","37":"a","38":"r","39":"d","40":".","41":"s","42":"v","43":"e","44":"l","45":"t","46":"e","47":"\"","48":"]","49":",","50":"\"","51":"s","52":"o","53":"u","54":"r","55":"c","56":"e","57":"s","58":"C","59":"o","60":"n","61":"t","62":"e","63":"n","64":"t","65":"\"","66":":","67":"[","68":"\"","69":"\"","70":"]","71":",","72":"\"","73":"m","74":"a","75":"p","76":"p","77":"i","78":"n","79":"g","80":"s","81":"\"","82":":","83":"\"","84":";","85":";","86":";","87":";","88":";","89":";","90":";","91":";","92":";","93":";","94":";","95":";","96":";","97":";","98":";","99":";","100":";","101":";","102":";","103":";","104":";","105":";","106":";","107":";","108":";","109":";","110":";","111":";","112":";","113":";","114":";","115":";","116":";","117":";","118":";","119":";","120":";","121":";","122":";","123":";","124":";","125":";","126":";","127":";","128":";","129":";","130":";","131":";","132":";","133":";","134":";","135":";","136":";","137":";","138":";","139":";","140":";","141":";","142":";","143":";","144":";","145":";","146":";","147":"\"","148":"}"}}
}
